2023-08-23 03:24:52.703 [info] Extension host with pid 7911 started
2023-08-23 03:24:52.754 [info] ExtensionService#_doActivateExtension vscode.emmet, startup: false, activationEvent: 'onLanguage'
2023-08-23 03:24:52.772 [info] ExtensionService#_doActivateExtension vscode.git-base, startup: true, activationEvent: '*', root cause: vscode.git
2023-08-23 03:24:52.774 [info] ExtensionService#_doActivateExtension hbenl.test-adapter-converter, startup: true, activationEvent: '*', root cause: hbenl.vscode-test-explorer
2023-08-23 03:24:52.776 [info] ExtensionService#_doActivateExtension mhutchie.git-graph, startup: true, activationEvent: '*'
2023-08-23 03:24:52.809 [info] ExtensionService#_doActivateExtension vscode.git, startup: true, activationEvent: '*'
2023-08-23 03:24:52.826 [info] ExtensionService#_doActivateExtension vscode.github, startup: true, activationEvent: '*'
2023-08-23 03:24:52.832 [info] ExtensionService#_doActivateExtension hbenl.vscode-test-explorer, startup: true, activationEvent: '*'
2023-08-23 03:24:52.869 [info] ExtensionService#_doActivateExtension Swellaby.vscode-rust-test-adapter, startup: true, activationEvent: '*'
2023-08-23 03:24:52.871 [error] Activating extension Swellaby.vscode-rust-test-adapter failed due to an error:
2023-08-23 03:24:52.871 [error] Error: Cannot find module '/home/sam/.vscode-oss/extensions/swellaby.vscode-rust-test-adapter-0.11.1-universal/src/main.js'
Require stack:
- /usr/lib/code/out/vs/loader.js
- /usr/lib/code/out/bootstrap-amd.js
- /usr/lib/code/out/bootstrap-fork.js
- 
	at Module._resolveFilename (node:internal/modules/cjs/loader:963:15)
	at o._resolveFilename (node:electron/js2c/utility_init:2:2994)
	at Module._load (node:internal/modules/cjs/loader:811:27)
	at f._load (node:electron/js2c/asar_bundle:2:13330)
	at o._load (/usr/lib/code/out/vs/workbench/api/node/extensionHostProcess.js:130:28084)
	at f._load (/usr/lib/code/out/vs/workbench/api/node/extensionHostProcess.js:130:25418)
	at C._load (/usr/lib/code/out/vs/workbench/api/node/extensionHostProcess.js:94:19511)
	at Module.require (node:internal/modules/cjs/loader:1035:19)
	at require (node:internal/modules/cjs/helpers:102:18)
	at Function.i [as __$__nodeRequire] (/usr/lib/code/out/vs/loader.js:5:98)
	at r.rb (/usr/lib/code/out/vs/workbench/api/node/extensionHostProcess.js:130:26597)
	at async Promise.all (index 0)
2023-08-23 03:24:52.872 [info] Eager extensions activated
2023-08-23 03:24:52.889 [info] ExtensionService#_doActivateExtension vscode.debug-auto-launch, startup: false, activationEvent: 'onStartupFinished'
2023-08-23 03:24:52.891 [info] ExtensionService#_doActivateExtension vscode.merge-conflict, startup: false, activationEvent: 'onStartupFinished'
2023-08-23 03:24:52.895 [info] ExtensionService#_doActivateExtension eamodio.gitlens, startup: false, activationEvent: 'onStartupFinished'
2023-08-23 03:24:52.922 [info] ExtensionService#_doActivateExtension esbenp.prettier-vscode, startup: false, activationEvent: 'onStartupFinished'
2023-08-23 03:24:52.945 [info] ExtensionService#_doActivateExtension vadimcn.vscode-lldb, startup: false, activationEvent: 'onStartupFinished', root cause: franneck94.vscode-c-cpp-config
2023-08-23 03:24:52.951 [info] ExtensionService#_doActivateExtension vscode.github-authentication, startup: false, activationEvent: 'onStartupFinished', root cause: GitHub.vscode-pull-request-github
2023-08-23 03:24:52.962 [info] ExtensionService#_doActivateExtension waderyan.gitblame, startup: false, activationEvent: 'onStartupFinished'
2023-08-23 03:24:53.089 [info] ExtensionService#_doActivateExtension franneck94.vscode-c-cpp-config, startup: false, activationEvent: 'onStartupFinished'
2023-08-23 03:24:53.093 [info] ExtensionService#_doActivateExtension GitHub.vscode-pull-request-github, startup: false, activationEvent: 'onStartupFinished'
2023-08-23 03:24:53.255 [error] Activating extension GitHub.vscode-pull-request-github failed due to an error:
2023-08-23 03:24:53.255 [error] Error: Extension 'GitHub.vscode-pull-request-github' CANNOT use API proposal: readonlyMessage.
Its package.json#enabledApiProposals-property declares:  but NOT readonlyMessage.
 The missing proposal MUST be added and you must start in extension development mode or use the following command line switch: --enable-proposed-api GitHub.vscode-pull-request-github
	at S (/usr/lib/code/out/vs/workbench/api/node/extensionHostProcess.js:100:67708)
	at S.registerFileSystemProvider (/usr/lib/code/out/vs/workbench/api/node/extensionHostProcess.js:104:19680)
	at Object.registerFileSystemProvider (/usr/lib/code/out/vs/workbench/api/node/extensionHostProcess.js:120:37243)
	at B0 (/home/sam/.vscode-oss/extensions/github.vscode-pull-request-github-0.70.0-universal/dist/extension.js:1835:8152)
	at async L0 (/home/sam/.vscode-oss/extensions/github.vscode-pull-request-github-0.70.0-universal/dist/extension.js:1835:5533)
	at async p.n (/usr/lib/code/out/vs/workbench/api/node/extensionHostProcess.js:102:6206)
	at async p.m (/usr/lib/code/out/vs/workbench/api/node/extensionHostProcess.js:102:6169)
	at async p.l (/usr/lib/code/out/vs/workbench/api/node/extensionHostProcess.js:102:5626)
2023-08-23 03:24:54.700 [info] Extension host terminating: renderer closed the MessagePort
2023-08-23 03:24:54.720 [error] Canceled: Canceled
	at new h (/usr/lib/code/out/vs/workbench/api/node/extensionHostProcess.js:102:56634)
	at t.O (/usr/lib/code/out/vs/workbench/api/node/extensionHostProcess.js:114:8020)
	at N.<computed>.T.charCodeAt.N.<computed> (/usr/lib/code/out/vs/workbench/api/node/extensionHostProcess.js:114:5459)
	at a.g (/usr/lib/code/out/vs/workbench/api/node/extensionHostProcess.js:102:77241)
	at a.executeCommand (/usr/lib/code/out/vs/workbench/api/node/extensionHostProcess.js:102:76679)
	at v.registerCommand.description (/usr/lib/code/out/vs/workbench/api/node/extensionHostProcess.js:102:76000)
	at a.h (/usr/lib/code/out/vs/workbench/api/node/extensionHostProcess.js:102:77777)
	at a.g (/usr/lib/code/out/vs/workbench/api/node/extensionHostProcess.js:102:76772)
	at a.executeCommand (/usr/lib/code/out/vs/workbench/api/node/extensionHostProcess.js:102:76679)
	at Object.executeCommand (/usr/lib/code/out/vs/workbench/api/node/extensionHostProcess.js:120:20977)
	at g (/home/sam/.vscode-oss/extensions/eamodio.gitlens-14.2.1-universal/dist/gitlens.js:1:958295)
	at c (/home/sam/.vscode-oss/extensions/eamodio.gitlens-14.2.1-universal/dist/gitlens.js:1:962923)
	at ActionRunners._updateContextKeys (/home/sam/.vscode-oss/extensions/eamodio.gitlens-14.2.1-universal/dist/gitlens.js:1:38282)
	at s (/home/sam/.vscode-oss/extensions/eamodio.gitlens-14.2.1-universal/dist/gitlens.js:1:36701)
	at RegisteredActionRunner.unregister (/home/sam/.vscode-oss/extensions/eamodio.gitlens-14.2.1-universal/dist/gitlens.js:1:36845)
	at RegisteredActionRunner.dispose (/home/sam/.vscode-oss/extensions/eamodio.gitlens-14.2.1-universal/dist/gitlens.js:1:35508)
	at ActionRunners.dispose (/home/sam/.vscode-oss/extensions/eamodio.gitlens-14.2.1-universal/dist/gitlens.js:1:36287)
	at /home/sam/.vscode-oss/extensions/eamodio.gitlens-14.2.1-universal/dist/gitlens.js:1:680104
	at Array.forEach (<anonymous>)
	at Object.dispose (/home/sam/.vscode-oss/extensions/eamodio.gitlens-14.2.1-universal/dist/gitlens.js:1:680089)
	at S (/usr/lib/code/out/vs/workbench/api/node/extensionHostProcess.js:13:11731)
	at r.Z (/usr/lib/code/out/vs/workbench/api/node/extensionHostProcess.js:116:9686)
	at /usr/lib/code/out/vs/workbench/api/node/extensionHostProcess.js:116:7582
	at Array.map (<anonymous>)
	at r.S (/usr/lib/code/out/vs/workbench/api/node/extensionHostProcess.js:116:7570)
	at r.terminate (/usr/lib/code/out/vs/workbench/api/node/extensionHostProcess.js:116:7842)
	at s.terminate (/usr/lib/code/out/vs/workbench/api/node/extensionHostProcess.js:120:1506)
	at C (/usr/lib/code/out/vs/workbench/api/node/extensionHostProcess.js:130:32254)
	at MessagePortMain.<anonymous> (/usr/lib/code/out/vs/workbench/api/node/extensionHostProcess.js:130:28679)
	at MessagePortMain.emit (node:events:513:28)
	at MessagePortMain._internalPort.emit (node:electron/js2c/utility_init:2:367) setContext undefined
2023-08-23 03:24:54.720 [error] Canceled: Canceled
	at new h (/usr/lib/code/out/vs/workbench/api/node/extensionHostProcess.js:102:56634)
	at t.O (/usr/lib/code/out/vs/workbench/api/node/extensionHostProcess.js:114:8020)
	at N.<computed>.T.charCodeAt.N.<computed> (/usr/lib/code/out/vs/workbench/api/node/extensionHostProcess.js:114:5459)
	at a.g (/usr/lib/code/out/vs/workbench/api/node/extensionHostProcess.js:102:77241)
	at a.executeCommand (/usr/lib/code/out/vs/workbench/api/node/extensionHostProcess.js:102:76679)
	at v.registerCommand.description (/usr/lib/code/out/vs/workbench/api/node/extensionHostProcess.js:102:76000)
	at a.h (/usr/lib/code/out/vs/workbench/api/node/extensionHostProcess.js:102:77777)
	at a.g (/usr/lib/code/out/vs/workbench/api/node/extensionHostProcess.js:102:76772)
	at a.executeCommand (/usr/lib/code/out/vs/workbench/api/node/extensionHostProcess.js:102:76679)
	at Object.executeCommand (/usr/lib/code/out/vs/workbench/api/node/extensionHostProcess.js:120:20977)
	at g (/home/sam/.vscode-oss/extensions/eamodio.gitlens-14.2.1-universal/dist/gitlens.js:1:958295)
	at c (/home/sam/.vscode-oss/extensions/eamodio.gitlens-14.2.1-universal/dist/gitlens.js:1:962923)
	at ActionRunners._updateContextKeys (/home/sam/.vscode-oss/extensions/eamodio.gitlens-14.2.1-universal/dist/gitlens.js:1:38282)
	at s (/home/sam/.vscode-oss/extensions/eamodio.gitlens-14.2.1-universal/dist/gitlens.js:1:36701)
	at RegisteredActionRunner.unregister (/home/sam/.vscode-oss/extensions/eamodio.gitlens-14.2.1-universal/dist/gitlens.js:1:36845)
	at RegisteredActionRunner.dispose (/home/sam/.vscode-oss/extensions/eamodio.gitlens-14.2.1-universal/dist/gitlens.js:1:35508)
	at ActionRunners.dispose (/home/sam/.vscode-oss/extensions/eamodio.gitlens-14.2.1-universal/dist/gitlens.js:1:36287)
	at /home/sam/.vscode-oss/extensions/eamodio.gitlens-14.2.1-universal/dist/gitlens.js:1:680104
	at Array.forEach (<anonymous>)
	at Object.dispose (/home/sam/.vscode-oss/extensions/eamodio.gitlens-14.2.1-universal/dist/gitlens.js:1:680089)
	at S (/usr/lib/code/out/vs/workbench/api/node/extensionHostProcess.js:13:11731)
	at r.Z (/usr/lib/code/out/vs/workbench/api/node/extensionHostProcess.js:116:9686)
	at /usr/lib/code/out/vs/workbench/api/node/extensionHostProcess.js:116:7582
	at Array.map (<anonymous>)
	at r.S (/usr/lib/code/out/vs/workbench/api/node/extensionHostProcess.js:116:7570)
	at r.terminate (/usr/lib/code/out/vs/workbench/api/node/extensionHostProcess.js:116:7842)
	at s.terminate (/usr/lib/code/out/vs/workbench/api/node/extensionHostProcess.js:120:1506)
	at C (/usr/lib/code/out/vs/workbench/api/node/extensionHostProcess.js:130:32254)
	at MessagePortMain.<anonymous> (/usr/lib/code/out/vs/workbench/api/node/extensionHostProcess.js:130:28679)
	at MessagePortMain.emit (node:events:513:28)
	at MessagePortMain._internalPort.emit (node:electron/js2c/utility_init:2:367) setContext undefined
2023-08-23 03:24:54.720 [error] Canceled: Canceled
	at new h (/usr/lib/code/out/vs/workbench/api/node/extensionHostProcess.js:102:56634)
	at t.O (/usr/lib/code/out/vs/workbench/api/node/extensionHostProcess.js:114:8020)
	at N.<computed>.T.charCodeAt.N.<computed> (/usr/lib/code/out/vs/workbench/api/node/extensionHostProcess.js:114:5459)
	at a.g (/usr/lib/code/out/vs/workbench/api/node/extensionHostProcess.js:102:77241)
	at a.executeCommand (/usr/lib/code/out/vs/workbench/api/node/extensionHostProcess.js:102:76679)
	at v.registerCommand.description (/usr/lib/code/out/vs/workbench/api/node/extensionHostProcess.js:102:76000)
	at a.h (/usr/lib/code/out/vs/workbench/api/node/extensionHostProcess.js:102:77777)
	at a.g (/usr/lib/code/out/vs/workbench/api/node/extensionHostProcess.js:102:76772)
	at a.executeCommand (/usr/lib/code/out/vs/workbench/api/node/extensionHostProcess.js:102:76679)
	at Object.executeCommand (/usr/lib/code/out/vs/workbench/api/node/extensionHostProcess.js:120:20977)
	at g (/home/sam/.vscode-oss/extensions/eamodio.gitlens-14.2.1-universal/dist/gitlens.js:1:958295)
	at c (/home/sam/.vscode-oss/extensions/eamodio.gitlens-14.2.1-universal/dist/gitlens.js:1:962923)
	at ActionRunners._updateContextKeys (/home/sam/.vscode-oss/extensions/eamodio.gitlens-14.2.1-universal/dist/gitlens.js:1:38282)
	at s (/home/sam/.vscode-oss/extensions/eamodio.gitlens-14.2.1-universal/dist/gitlens.js:1:36701)
	at RegisteredActionRunner.unregister (/home/sam/.vscode-oss/extensions/eamodio.gitlens-14.2.1-universal/dist/gitlens.js:1:36845)
	at RegisteredActionRunner.dispose (/home/sam/.vscode-oss/extensions/eamodio.gitlens-14.2.1-universal/dist/gitlens.js:1:35508)
	at ActionRunners.dispose (/home/sam/.vscode-oss/extensions/eamodio.gitlens-14.2.1-universal/dist/gitlens.js:1:36287)
	at /home/sam/.vscode-oss/extensions/eamodio.gitlens-14.2.1-universal/dist/gitlens.js:1:680104
	at Array.forEach (<anonymous>)
	at Object.dispose (/home/sam/.vscode-oss/extensions/eamodio.gitlens-14.2.1-universal/dist/gitlens.js:1:680089)
	at S (/usr/lib/code/out/vs/workbench/api/node/extensionHostProcess.js:13:11731)
	at r.Z (/usr/lib/code/out/vs/workbench/api/node/extensionHostProcess.js:116:9686)
	at /usr/lib/code/out/vs/workbench/api/node/extensionHostProcess.js:116:7582
	at Array.map (<anonymous>)
	at r.S (/usr/lib/code/out/vs/workbench/api/node/extensionHostProcess.js:116:7570)
	at r.terminate (/usr/lib/code/out/vs/workbench/api/node/extensionHostProcess.js:116:7842)
	at s.terminate (/usr/lib/code/out/vs/workbench/api/node/extensionHostProcess.js:120:1506)
	at C (/usr/lib/code/out/vs/workbench/api/node/extensionHostProcess.js:130:32254)
	at MessagePortMain.<anonymous> (/usr/lib/code/out/vs/workbench/api/node/extensionHostProcess.js:130:28679)
	at MessagePortMain.emit (node:events:513:28)
	at MessagePortMain._internalPort.emit (node:electron/js2c/utility_init:2:367) setContext undefined
2023-08-23 03:24:54.721 [error] Canceled: Canceled
	at new h (/usr/lib/code/out/vs/workbench/api/node/extensionHostProcess.js:102:56634)
	at t.O (/usr/lib/code/out/vs/workbench/api/node/extensionHostProcess.js:114:8020)
	at N.<computed>.T.charCodeAt.N.<computed> (/usr/lib/code/out/vs/workbench/api/node/extensionHostProcess.js:114:5459)
	at a.g (/usr/lib/code/out/vs/workbench/api/node/extensionHostProcess.js:102:77241)
	at a.executeCommand (/usr/lib/code/out/vs/workbench/api/node/extensionHostProcess.js:102:76679)
	at v.registerCommand.description (/usr/lib/code/out/vs/workbench/api/node/extensionHostProcess.js:102:76000)
	at a.h (/usr/lib/code/out/vs/workbench/api/node/extensionHostProcess.js:102:77777)
	at a.g (/usr/lib/code/out/vs/workbench/api/node/extensionHostProcess.js:102:76772)
	at a.executeCommand (/usr/lib/code/out/vs/workbench/api/node/extensionHostProcess.js:102:76679)
	at Object.executeCommand (/usr/lib/code/out/vs/workbench/api/node/extensionHostProcess.js:120:20977)
	at g (/home/sam/.vscode-oss/extensions/eamodio.gitlens-14.2.1-universal/dist/gitlens.js:1:958295)
	at c (/home/sam/.vscode-oss/extensions/eamodio.gitlens-14.2.1-universal/dist/gitlens.js:1:962923)
	at ActionRunners._updateContextKeys (/home/sam/.vscode-oss/extensions/eamodio.gitlens-14.2.1-universal/dist/gitlens.js:1:38282)
	at s (/home/sam/.vscode-oss/extensions/eamodio.gitlens-14.2.1-universal/dist/gitlens.js:1:36701)
	at RegisteredActionRunner.unregister (/home/sam/.vscode-oss/extensions/eamodio.gitlens-14.2.1-universal/dist/gitlens.js:1:36845)
	at RegisteredActionRunner.dispose (/home/sam/.vscode-oss/extensions/eamodio.gitlens-14.2.1-universal/dist/gitlens.js:1:35508)
	at Object.dispose (/home/sam/.vscode-oss/extensions/eamodio.gitlens-14.2.1-universal/dist/gitlens.js:1:36942)
	at S (/usr/lib/code/out/vs/workbench/api/node/extensionHostProcess.js:13:11731)
	at r.Z (/usr/lib/code/out/vs/workbench/api/node/extensionHostProcess.js:116:9686)
	at /usr/lib/code/out/vs/workbench/api/node/extensionHostProcess.js:116:7582
	at Array.map (<anonymous>)
	at r.S (/usr/lib/code/out/vs/workbench/api/node/extensionHostProcess.js:116:7570)
	at r.terminate (/usr/lib/code/out/vs/workbench/api/node/extensionHostProcess.js:116:7842)
	at s.terminate (/usr/lib/code/out/vs/workbench/api/node/extensionHostProcess.js:120:1506)
	at C (/usr/lib/code/out/vs/workbench/api/node/extensionHostProcess.js:130:32254)
	at MessagePortMain.<anonymous> (/usr/lib/code/out/vs/workbench/api/node/extensionHostProcess.js:130:28679)
	at MessagePortMain.emit (node:events:513:28)
	at MessagePortMain._internalPort.emit (node:electron/js2c/utility_init:2:367) setContext undefined
2023-08-23 03:24:54.721 [error] Canceled: Canceled
	at new h (/usr/lib/code/out/vs/workbench/api/node/extensionHostProcess.js:102:56634)
	at t.O (/usr/lib/code/out/vs/workbench/api/node/extensionHostProcess.js:114:8020)
	at N.<computed>.T.charCodeAt.N.<computed> (/usr/lib/code/out/vs/workbench/api/node/extensionHostProcess.js:114:5459)
	at a.g (/usr/lib/code/out/vs/workbench/api/node/extensionHostProcess.js:102:77241)
	at a.executeCommand (/usr/lib/code/out/vs/workbench/api/node/extensionHostProcess.js:102:76679)
	at v.registerCommand.description (/usr/lib/code/out/vs/workbench/api/node/extensionHostProcess.js:102:76000)
	at a.h (/usr/lib/code/out/vs/workbench/api/node/extensionHostProcess.js:102:77777)
	at a.g (/usr/lib/code/out/vs/workbench/api/node/extensionHostProcess.js:102:76772)
	at a.executeCommand (/usr/lib/code/out/vs/workbench/api/node/extensionHostProcess.js:102:76679)
	at Object.executeCommand (/usr/lib/code/out/vs/workbench/api/node/extensionHostProcess.js:120:20977)
	at g (/home/sam/.vscode-oss/extensions/eamodio.gitlens-14.2.1-universal/dist/gitlens.js:1:958295)
	at c (/home/sam/.vscode-oss/extensions/eamodio.gitlens-14.2.1-universal/dist/gitlens.js:1:962923)
	at ActionRunners._updateContextKeys (/home/sam/.vscode-oss/extensions/eamodio.gitlens-14.2.1-universal/dist/gitlens.js:1:38282)
	at s (/home/sam/.vscode-oss/extensions/eamodio.gitlens-14.2.1-universal/dist/gitlens.js:1:36701)
	at RegisteredActionRunner.unregister (/home/sam/.vscode-oss/extensions/eamodio.gitlens-14.2.1-universal/dist/gitlens.js:1:36845)
	at RegisteredActionRunner.dispose (/home/sam/.vscode-oss/extensions/eamodio.gitlens-14.2.1-universal/dist/gitlens.js:1:35508)
	at Object.dispose (/home/sam/.vscode-oss/extensions/eamodio.gitlens-14.2.1-universal/dist/gitlens.js:1:36942)
	at S (/usr/lib/code/out/vs/workbench/api/node/extensionHostProcess.js:13:11731)
	at r.Z (/usr/lib/code/out/vs/workbench/api/node/extensionHostProcess.js:116:9686)
	at /usr/lib/code/out/vs/workbench/api/node/extensionHostProcess.js:116:7582
	at Array.map (<anonymous>)
	at r.S (/usr/lib/code/out/vs/workbench/api/node/extensionHostProcess.js:116:7570)
	at r.terminate (/usr/lib/code/out/vs/workbench/api/node/extensionHostProcess.js:116:7842)
	at s.terminate (/usr/lib/code/out/vs/workbench/api/node/extensionHostProcess.js:120:1506)
	at C (/usr/lib/code/out/vs/workbench/api/node/extensionHostProcess.js:130:32254)
	at MessagePortMain.<anonymous> (/usr/lib/code/out/vs/workbench/api/node/extensionHostProcess.js:130:28679)
	at MessagePortMain.emit (node:events:513:28)
	at MessagePortMain._internalPort.emit (node:electron/js2c/utility_init:2:367) setContext undefined
2023-08-23 03:24:54.721 [error] Canceled: Canceled
	at new h (/usr/lib/code/out/vs/workbench/api/node/extensionHostProcess.js:102:56634)
	at t.O (/usr/lib/code/out/vs/workbench/api/node/extensionHostProcess.js:114:8020)
	at N.<computed>.T.charCodeAt.N.<computed> (/usr/lib/code/out/vs/workbench/api/node/extensionHostProcess.js:114:5459)
	at a.g (/usr/lib/code/out/vs/workbench/api/node/extensionHostProcess.js:102:77241)
	at a.executeCommand (/usr/lib/code/out/vs/workbench/api/node/extensionHostProcess.js:102:76679)
	at v.registerCommand.description (/usr/lib/code/out/vs/workbench/api/node/extensionHostProcess.js:102:76000)
	at a.h (/usr/lib/code/out/vs/workbench/api/node/extensionHostProcess.js:102:77777)
	at a.g (/usr/lib/code/out/vs/workbench/api/node/extensionHostProcess.js:102:76772)
	at a.executeCommand (/usr/lib/code/out/vs/workbench/api/node/extensionHostProcess.js:102:76679)
	at Object.executeCommand (/usr/lib/code/out/vs/workbench/api/node/extensionHostProcess.js:120:20977)
	at g (/home/sam/.vscode-oss/extensions/eamodio.gitlens-14.2.1-universal/dist/gitlens.js:1:958295)
	at c (/home/sam/.vscode-oss/extensions/eamodio.gitlens-14.2.1-universal/dist/gitlens.js:1:962923)
	at ActionRunners._updateContextKeys (/home/sam/.vscode-oss/extensions/eamodio.gitlens-14.2.1-universal/dist/gitlens.js:1:38282)
	at s (/home/sam/.vscode-oss/extensions/eamodio.gitlens-14.2.1-universal/dist/gitlens.js:1:36701)
	at RegisteredActionRunner.unregister (/home/sam/.vscode-oss/extensions/eamodio.gitlens-14.2.1-universal/dist/gitlens.js:1:36845)
	at RegisteredActionRunner.dispose (/home/sam/.vscode-oss/extensions/eamodio.gitlens-14.2.1-universal/dist/gitlens.js:1:35508)
	at Object.dispose (/home/sam/.vscode-oss/extensions/eamodio.gitlens-14.2.1-universal/dist/gitlens.js:1:36942)
	at S (/usr/lib/code/out/vs/workbench/api/node/extensionHostProcess.js:13:11731)
	at r.Z (/usr/lib/code/out/vs/workbench/api/node/extensionHostProcess.js:116:9686)
	at /usr/lib/code/out/vs/workbench/api/node/extensionHostProcess.js:116:7582
	at Array.map (<anonymous>)
	at r.S (/usr/lib/code/out/vs/workbench/api/node/extensionHostProcess.js:116:7570)
	at r.terminate (/usr/lib/code/out/vs/workbench/api/node/extensionHostProcess.js:116:7842)
	at s.terminate (/usr/lib/code/out/vs/workbench/api/node/extensionHostProcess.js:120:1506)
	at C (/usr/lib/code/out/vs/workbench/api/node/extensionHostProcess.js:130:32254)
	at MessagePortMain.<anonymous> (/usr/lib/code/out/vs/workbench/api/node/extensionHostProcess.js:130:28679)
	at MessagePortMain.emit (node:events:513:28)
	at MessagePortMain._internalPort.emit (node:electron/js2c/utility_init:2:367) setContext undefined
2023-08-23 03:24:54.721 [info] Extension host with pid 7911 exiting with code 0
