2023-08-17 02:09:30.004 [info] Extension host with pid 58017 started
2023-08-17 02:09:30.004 [info] Skipping acquiring lock for /home/sam/.config/Code - OSS/User/workspaceStorage/151b3d65f112e6d66c58368f19629d5f.
2023-08-17 02:09:30.095 [info] ExtensionService#_doActivateExtension rust-lang.rust, startup: false, activationEvent: 'onLanguage:rust'
2023-08-17 02:09:30.145 [info] ExtensionService#_doActivateExtension rust-lang.rust-analyzer, startup: false, activationEvent: 'onLanguage:rust'
2023-08-17 02:09:30.169 [info] ExtensionService#_doActivateExtension vscode.emmet, startup: false, activationEvent: 'onLanguage'
2023-08-17 02:09:30.386 [info] ExtensionService#_doActivateExtension vscode.git-base, startup: true, activationEvent: '*', root cause: vscode.git
2023-08-17 02:09:30.388 [info] ExtensionService#_doActivateExtension hbenl.test-adapter-converter, startup: true, activationEvent: '*', root cause: hbenl.vscode-test-explorer
2023-08-17 02:09:30.391 [info] ExtensionService#_doActivateExtension mhutchie.git-graph, startup: true, activationEvent: '*'
2023-08-17 02:09:30.410 [info] ExtensionService#_doActivateExtension serayuzgur.crates, startup: true, activationEvent: 'workspaceContains:Cargo.toml'
2023-08-17 02:09:30.483 [info] ExtensionService#_doActivateExtension vscode.git, startup: true, activationEvent: '*'
2023-08-17 02:09:30.499 [info] ExtensionService#_doActivateExtension vscode.github, startup: true, activationEvent: '*'
2023-08-17 02:09:30.507 [info] ExtensionService#_doActivateExtension hbenl.vscode-test-explorer, startup: true, activationEvent: '*'
2023-08-17 02:09:30.562 [info] ExtensionService#_doActivateExtension Swellaby.vscode-rust-test-adapter, startup: true, activationEvent: '*'
2023-08-17 02:09:30.562 [error] Activating extension Swellaby.vscode-rust-test-adapter failed due to an error:
2023-08-17 02:09:30.562 [error] Error: Cannot find module '/home/sam/.vscode-oss/extensions/swellaby.vscode-rust-test-adapter-0.11.1-universal/src/main.js'
Require stack:
- /usr/lib/code/out/vs/loader.js
- /usr/lib/code/out/bootstrap-amd.js
- /usr/lib/code/out/bootstrap-fork.js
- 
	at Module._resolveFilename (node:internal/modules/cjs/loader:963:15)
	at o._resolveFilename (node:electron/js2c/utility_init:2:2994)
	at Module._load (node:internal/modules/cjs/loader:811:27)
	at f._load (node:electron/js2c/asar_bundle:2:13330)
	at o._load (/usr/lib/code/out/vs/workbench/api/node/extensionHostProcess.js:130:28084)
	at f._load (/usr/lib/code/out/vs/workbench/api/node/extensionHostProcess.js:130:25418)
	at C._load (/usr/lib/code/out/vs/workbench/api/node/extensionHostProcess.js:94:19511)
	at Module.require (node:internal/modules/cjs/loader:1035:19)
	at require (node:internal/modules/cjs/helpers:102:18)
	at Function.i [as __$__nodeRequire] (/usr/lib/code/out/vs/loader.js:5:98)
	at r.rb (/usr/lib/code/out/vs/workbench/api/node/extensionHostProcess.js:130:26597)
	at async Promise.all (index 0)
2023-08-17 02:09:30.563 [info] Eager extensions activated
2023-08-17 02:09:30.586 [info] ExtensionService#_doActivateExtension vscode.debug-auto-launch, startup: false, activationEvent: 'onStartupFinished'
2023-08-17 02:09:30.587 [info] ExtensionService#_doActivateExtension vscode.merge-conflict, startup: false, activationEvent: 'onStartupFinished'
2023-08-17 02:09:30.592 [info] ExtensionService#_doActivateExtension eamodio.gitlens, startup: false, activationEvent: 'onStartupFinished'
2023-08-17 02:09:30.620 [info] ExtensionService#_doActivateExtension esbenp.prettier-vscode, startup: false, activationEvent: 'onStartupFinished'
2023-08-17 02:09:30.648 [info] ExtensionService#_doActivateExtension vadimcn.vscode-lldb, startup: false, activationEvent: 'onStartupFinished', root cause: franneck94.vscode-c-cpp-config
2023-08-17 02:09:30.652 [info] ExtensionService#_doActivateExtension vscode.github-authentication, startup: false, activationEvent: 'onStartupFinished', root cause: GitHub.vscode-pull-request-github
2023-08-17 02:09:30.664 [info] ExtensionService#_doActivateExtension waderyan.gitblame, startup: false, activationEvent: 'onStartupFinished'
2023-08-17 02:09:30.865 [info] ExtensionService#_doActivateExtension franneck94.vscode-c-cpp-config, startup: false, activationEvent: 'onStartupFinished'
2023-08-17 02:09:30.868 [info] ExtensionService#_doActivateExtension GitHub.vscode-pull-request-github, startup: false, activationEvent: 'onStartupFinished'
2023-08-17 02:09:31.057 [error] Activating extension GitHub.vscode-pull-request-github failed due to an error:
2023-08-17 02:09:31.057 [error] Error: Extension 'GitHub.vscode-pull-request-github' CANNOT use API proposal: readonlyMessage.
Its package.json#enabledApiProposals-property declares:  but NOT readonlyMessage.
 The missing proposal MUST be added and you must start in extension development mode or use the following command line switch: --enable-proposed-api GitHub.vscode-pull-request-github
	at S (/usr/lib/code/out/vs/workbench/api/node/extensionHostProcess.js:100:67708)
	at S.registerFileSystemProvider (/usr/lib/code/out/vs/workbench/api/node/extensionHostProcess.js:104:19680)
	at Object.registerFileSystemProvider (/usr/lib/code/out/vs/workbench/api/node/extensionHostProcess.js:120:37243)
	at k0 (/home/sam/.vscode-oss/extensions/github.vscode-pull-request-github-0.68.0-universal/dist/extension.js:1831:8152)
	at async E0 (/home/sam/.vscode-oss/extensions/github.vscode-pull-request-github-0.68.0-universal/dist/extension.js:1831:5533)
	at async p.n (/usr/lib/code/out/vs/workbench/api/node/extensionHostProcess.js:102:6206)
	at async p.m (/usr/lib/code/out/vs/workbench/api/node/extensionHostProcess.js:102:6169)
	at async p.l (/usr/lib/code/out/vs/workbench/api/node/extensionHostProcess.js:102:5626)
2023-08-17 02:12:29.189 [error] [rust-lang.rust] provider FAILED
2023-08-17 02:12:29.189 [error] Error: Language client is not ready yet
	at LanguageClient.sendRequest (/home/sam/.vscode-oss/extensions/rust-lang.rust-0.7.8-universal/node_modules/vscode-languageclient/lib/client.js:1789:19)
	at /home/sam/.vscode-oss/extensions/rust-lang.rust-0.7.8-universal/out/src/providers/signatureHelpProvider.js:35:16
	at new Promise (<anonymous>)
	at SignatureHelpProvider.provideHover (/home/sam/.vscode-oss/extensions/rust-lang.rust-0.7.8-universal/out/src/providers/signatureHelpProvider.js:34:16)
	at SignatureHelpProvider.provideSignatureHelp (/home/sam/.vscode-oss/extensions/rust-lang.rust-0.7.8-universal/out/src/providers/signatureHelpProvider.js:15:25)
	at B.provideSignatureHelp (/usr/lib/code/out/vs/workbench/api/node/extensionHostProcess.js:104:55075)
	at /usr/lib/code/out/vs/workbench/api/node/extensionHostProcess.js:104:72103
	at le.s (/usr/lib/code/out/vs/workbench/api/node/extensionHostProcess.js:104:62744)
	at le.$provideSignatureHelp (/usr/lib/code/out/vs/workbench/api/node/extensionHostProcess.js:104:72090)
	at t.N (/usr/lib/code/out/vs/workbench/api/node/extensionHostProcess.js:114:7983)
	at t.M (/usr/lib/code/out/vs/workbench/api/node/extensionHostProcess.js:114:7749)
	at t.H (/usr/lib/code/out/vs/workbench/api/node/extensionHostProcess.js:114:6791)
	at t.G (/usr/lib/code/out/vs/workbench/api/node/extensionHostProcess.js:114:5906)
	at r.value (/usr/lib/code/out/vs/workbench/api/node/extensionHostProcess.js:114:4736)
	at f.w (/usr/lib/code/out/vs/workbench/api/node/extensionHostProcess.js:63:1902)
	at f.fire (/usr/lib/code/out/vs/workbench/api/node/extensionHostProcess.js:63:2119)
	at y.fire (/usr/lib/code/out/vs/workbench/api/node/extensionHostProcess.js:79:13931)
	at r.value (/usr/lib/code/out/vs/workbench/api/node/extensionHostProcess.js:130:30355)
	at f.w (/usr/lib/code/out/vs/workbench/api/node/extensionHostProcess.js:63:1902)
	at f.fire (/usr/lib/code/out/vs/workbench/api/node/extensionHostProcess.js:63:2119)
	at y.fire (/usr/lib/code/out/vs/workbench/api/node/extensionHostProcess.js:79:13931)
	at MessagePortMain.<anonymous> (/usr/lib/code/out/vs/workbench/api/node/extensionHostProcess.js:130:28635)
	at MessagePortMain.emit (node:events:513:28)
	at MessagePortMain._internalPort.emit (node:electron/js2c/utility_init:2:367)
2023-08-17 22:09:18.834 [error] Error: getaddrinfo EAI_AGAIN default.exp-tas.com
	at GetAddrInfoReqWrap.onlookup [as oncomplete] (node:dns:109:26)
2023-08-17 22:21:38.728 [info] Extension host terminating: renderer closed the MessagePort
2023-08-17 22:21:38.748 [warning] Canceled
2023-08-17 22:21:38.749 [error] Canceled: Canceled
	at new h (/usr/lib/code/out/vs/workbench/api/node/extensionHostProcess.js:102:56634)
	at t.O (/usr/lib/code/out/vs/workbench/api/node/extensionHostProcess.js:114:8020)
	at N.<computed>.T.charCodeAt.N.<computed> (/usr/lib/code/out/vs/workbench/api/node/extensionHostProcess.js:114:5459)
	at a.g (/usr/lib/code/out/vs/workbench/api/node/extensionHostProcess.js:102:77241)
	at a.executeCommand (/usr/lib/code/out/vs/workbench/api/node/extensionHostProcess.js:102:76679)
	at v.registerCommand.description (/usr/lib/code/out/vs/workbench/api/node/extensionHostProcess.js:102:76000)
	at a.h (/usr/lib/code/out/vs/workbench/api/node/extensionHostProcess.js:102:77777)
	at a.g (/usr/lib/code/out/vs/workbench/api/node/extensionHostProcess.js:102:76772)
	at a.executeCommand (/usr/lib/code/out/vs/workbench/api/node/extensionHostProcess.js:102:76679)
	at Object.executeCommand (/usr/lib/code/out/vs/workbench/api/node/extensionHostProcess.js:120:20977)
	at g (/home/sam/.vscode-oss/extensions/eamodio.gitlens-14.2.1-universal/dist/gitlens.js:1:958295)
	at c (/home/sam/.vscode-oss/extensions/eamodio.gitlens-14.2.1-universal/dist/gitlens.js:1:962923)
	at ActionRunners._updateContextKeys (/home/sam/.vscode-oss/extensions/eamodio.gitlens-14.2.1-universal/dist/gitlens.js:1:38282)
	at s (/home/sam/.vscode-oss/extensions/eamodio.gitlens-14.2.1-universal/dist/gitlens.js:1:36701)
	at RegisteredActionRunner.unregister (/home/sam/.vscode-oss/extensions/eamodio.gitlens-14.2.1-universal/dist/gitlens.js:1:36845)
	at RegisteredActionRunner.dispose (/home/sam/.vscode-oss/extensions/eamodio.gitlens-14.2.1-universal/dist/gitlens.js:1:35508)
	at ActionRunners.dispose (/home/sam/.vscode-oss/extensions/eamodio.gitlens-14.2.1-universal/dist/gitlens.js:1:36287)
	at /home/sam/.vscode-oss/extensions/eamodio.gitlens-14.2.1-universal/dist/gitlens.js:1:680104
	at Array.forEach (<anonymous>)
	at Object.dispose (/home/sam/.vscode-oss/extensions/eamodio.gitlens-14.2.1-universal/dist/gitlens.js:1:680089)
	at S (/usr/lib/code/out/vs/workbench/api/node/extensionHostProcess.js:13:11731)
	at r.Z (/usr/lib/code/out/vs/workbench/api/node/extensionHostProcess.js:116:9686)
	at /usr/lib/code/out/vs/workbench/api/node/extensionHostProcess.js:116:7582
	at Array.map (<anonymous>)
	at r.S (/usr/lib/code/out/vs/workbench/api/node/extensionHostProcess.js:116:7570)
	at r.terminate (/usr/lib/code/out/vs/workbench/api/node/extensionHostProcess.js:116:7842)
	at s.terminate (/usr/lib/code/out/vs/workbench/api/node/extensionHostProcess.js:120:1506)
	at C (/usr/lib/code/out/vs/workbench/api/node/extensionHostProcess.js:130:32254)
	at MessagePortMain.<anonymous> (/usr/lib/code/out/vs/workbench/api/node/extensionHostProcess.js:130:28679)
	at MessagePortMain.emit (node:events:513:28)
	at MessagePortMain._internalPort.emit (node:electron/js2c/utility_init:2:367) setContext undefined
2023-08-17 22:21:38.749 [error] Canceled: Canceled
	at new h (/usr/lib/code/out/vs/workbench/api/node/extensionHostProcess.js:102:56634)
	at t.O (/usr/lib/code/out/vs/workbench/api/node/extensionHostProcess.js:114:8020)
	at N.<computed>.T.charCodeAt.N.<computed> (/usr/lib/code/out/vs/workbench/api/node/extensionHostProcess.js:114:5459)
	at a.g (/usr/lib/code/out/vs/workbench/api/node/extensionHostProcess.js:102:77241)
	at a.executeCommand (/usr/lib/code/out/vs/workbench/api/node/extensionHostProcess.js:102:76679)
	at v.registerCommand.description (/usr/lib/code/out/vs/workbench/api/node/extensionHostProcess.js:102:76000)
	at a.h (/usr/lib/code/out/vs/workbench/api/node/extensionHostProcess.js:102:77777)
	at a.g (/usr/lib/code/out/vs/workbench/api/node/extensionHostProcess.js:102:76772)
	at a.executeCommand (/usr/lib/code/out/vs/workbench/api/node/extensionHostProcess.js:102:76679)
	at Object.executeCommand (/usr/lib/code/out/vs/workbench/api/node/extensionHostProcess.js:120:20977)
	at g (/home/sam/.vscode-oss/extensions/eamodio.gitlens-14.2.1-universal/dist/gitlens.js:1:958295)
	at c (/home/sam/.vscode-oss/extensions/eamodio.gitlens-14.2.1-universal/dist/gitlens.js:1:962923)
	at ActionRunners._updateContextKeys (/home/sam/.vscode-oss/extensions/eamodio.gitlens-14.2.1-universal/dist/gitlens.js:1:38282)
	at s (/home/sam/.vscode-oss/extensions/eamodio.gitlens-14.2.1-universal/dist/gitlens.js:1:36701)
	at RegisteredActionRunner.unregister (/home/sam/.vscode-oss/extensions/eamodio.gitlens-14.2.1-universal/dist/gitlens.js:1:36845)
	at RegisteredActionRunner.dispose (/home/sam/.vscode-oss/extensions/eamodio.gitlens-14.2.1-universal/dist/gitlens.js:1:35508)
	at ActionRunners.dispose (/home/sam/.vscode-oss/extensions/eamodio.gitlens-14.2.1-universal/dist/gitlens.js:1:36287)
	at /home/sam/.vscode-oss/extensions/eamodio.gitlens-14.2.1-universal/dist/gitlens.js:1:680104
	at Array.forEach (<anonymous>)
	at Object.dispose (/home/sam/.vscode-oss/extensions/eamodio.gitlens-14.2.1-universal/dist/gitlens.js:1:680089)
	at S (/usr/lib/code/out/vs/workbench/api/node/extensionHostProcess.js:13:11731)
	at r.Z (/usr/lib/code/out/vs/workbench/api/node/extensionHostProcess.js:116:9686)
	at /usr/lib/code/out/vs/workbench/api/node/extensionHostProcess.js:116:7582
	at Array.map (<anonymous>)
	at r.S (/usr/lib/code/out/vs/workbench/api/node/extensionHostProcess.js:116:7570)
	at r.terminate (/usr/lib/code/out/vs/workbench/api/node/extensionHostProcess.js:116:7842)
	at s.terminate (/usr/lib/code/out/vs/workbench/api/node/extensionHostProcess.js:120:1506)
	at C (/usr/lib/code/out/vs/workbench/api/node/extensionHostProcess.js:130:32254)
	at MessagePortMain.<anonymous> (/usr/lib/code/out/vs/workbench/api/node/extensionHostProcess.js:130:28679)
	at MessagePortMain.emit (node:events:513:28)
	at MessagePortMain._internalPort.emit (node:electron/js2c/utility_init:2:367) setContext undefined
2023-08-17 22:21:38.750 [error] Canceled: Canceled
	at new h (/usr/lib/code/out/vs/workbench/api/node/extensionHostProcess.js:102:56634)
	at t.O (/usr/lib/code/out/vs/workbench/api/node/extensionHostProcess.js:114:8020)
	at N.<computed>.T.charCodeAt.N.<computed> (/usr/lib/code/out/vs/workbench/api/node/extensionHostProcess.js:114:5459)
	at a.g (/usr/lib/code/out/vs/workbench/api/node/extensionHostProcess.js:102:77241)
	at a.executeCommand (/usr/lib/code/out/vs/workbench/api/node/extensionHostProcess.js:102:76679)
	at v.registerCommand.description (/usr/lib/code/out/vs/workbench/api/node/extensionHostProcess.js:102:76000)
	at a.h (/usr/lib/code/out/vs/workbench/api/node/extensionHostProcess.js:102:77777)
	at a.g (/usr/lib/code/out/vs/workbench/api/node/extensionHostProcess.js:102:76772)
	at a.executeCommand (/usr/lib/code/out/vs/workbench/api/node/extensionHostProcess.js:102:76679)
	at Object.executeCommand (/usr/lib/code/out/vs/workbench/api/node/extensionHostProcess.js:120:20977)
	at g (/home/sam/.vscode-oss/extensions/eamodio.gitlens-14.2.1-universal/dist/gitlens.js:1:958295)
	at c (/home/sam/.vscode-oss/extensions/eamodio.gitlens-14.2.1-universal/dist/gitlens.js:1:962923)
	at ActionRunners._updateContextKeys (/home/sam/.vscode-oss/extensions/eamodio.gitlens-14.2.1-universal/dist/gitlens.js:1:38282)
	at s (/home/sam/.vscode-oss/extensions/eamodio.gitlens-14.2.1-universal/dist/gitlens.js:1:36701)
	at RegisteredActionRunner.unregister (/home/sam/.vscode-oss/extensions/eamodio.gitlens-14.2.1-universal/dist/gitlens.js:1:36845)
	at RegisteredActionRunner.dispose (/home/sam/.vscode-oss/extensions/eamodio.gitlens-14.2.1-universal/dist/gitlens.js:1:35508)
	at ActionRunners.dispose (/home/sam/.vscode-oss/extensions/eamodio.gitlens-14.2.1-universal/dist/gitlens.js:1:36287)
	at /home/sam/.vscode-oss/extensions/eamodio.gitlens-14.2.1-universal/dist/gitlens.js:1:680104
	at Array.forEach (<anonymous>)
	at Object.dispose (/home/sam/.vscode-oss/extensions/eamodio.gitlens-14.2.1-universal/dist/gitlens.js:1:680089)
	at S (/usr/lib/code/out/vs/workbench/api/node/extensionHostProcess.js:13:11731)
	at r.Z (/usr/lib/code/out/vs/workbench/api/node/extensionHostProcess.js:116:9686)
	at /usr/lib/code/out/vs/workbench/api/node/extensionHostProcess.js:116:7582
	at Array.map (<anonymous>)
	at r.S (/usr/lib/code/out/vs/workbench/api/node/extensionHostProcess.js:116:7570)
	at r.terminate (/usr/lib/code/out/vs/workbench/api/node/extensionHostProcess.js:116:7842)
	at s.terminate (/usr/lib/code/out/vs/workbench/api/node/extensionHostProcess.js:120:1506)
	at C (/usr/lib/code/out/vs/workbench/api/node/extensionHostProcess.js:130:32254)
	at MessagePortMain.<anonymous> (/usr/lib/code/out/vs/workbench/api/node/extensionHostProcess.js:130:28679)
	at MessagePortMain.emit (node:events:513:28)
	at MessagePortMain._internalPort.emit (node:electron/js2c/utility_init:2:367) setContext undefined
2023-08-17 22:21:38.750 [error] Canceled: Canceled
	at new h (/usr/lib/code/out/vs/workbench/api/node/extensionHostProcess.js:102:56634)
	at t.O (/usr/lib/code/out/vs/workbench/api/node/extensionHostProcess.js:114:8020)
	at N.<computed>.T.charCodeAt.N.<computed> (/usr/lib/code/out/vs/workbench/api/node/extensionHostProcess.js:114:5459)
	at a.g (/usr/lib/code/out/vs/workbench/api/node/extensionHostProcess.js:102:77241)
	at a.executeCommand (/usr/lib/code/out/vs/workbench/api/node/extensionHostProcess.js:102:76679)
	at v.registerCommand.description (/usr/lib/code/out/vs/workbench/api/node/extensionHostProcess.js:102:76000)
	at a.h (/usr/lib/code/out/vs/workbench/api/node/extensionHostProcess.js:102:77777)
	at a.g (/usr/lib/code/out/vs/workbench/api/node/extensionHostProcess.js:102:76772)
	at a.executeCommand (/usr/lib/code/out/vs/workbench/api/node/extensionHostProcess.js:102:76679)
	at Object.executeCommand (/usr/lib/code/out/vs/workbench/api/node/extensionHostProcess.js:120:20977)
	at g (/home/sam/.vscode-oss/extensions/eamodio.gitlens-14.2.1-universal/dist/gitlens.js:1:958295)
	at c (/home/sam/.vscode-oss/extensions/eamodio.gitlens-14.2.1-universal/dist/gitlens.js:1:962923)
	at ActionRunners._updateContextKeys (/home/sam/.vscode-oss/extensions/eamodio.gitlens-14.2.1-universal/dist/gitlens.js:1:38282)
	at s (/home/sam/.vscode-oss/extensions/eamodio.gitlens-14.2.1-universal/dist/gitlens.js:1:36701)
	at RegisteredActionRunner.unregister (/home/sam/.vscode-oss/extensions/eamodio.gitlens-14.2.1-universal/dist/gitlens.js:1:36845)
	at RegisteredActionRunner.dispose (/home/sam/.vscode-oss/extensions/eamodio.gitlens-14.2.1-universal/dist/gitlens.js:1:35508)
	at Object.dispose (/home/sam/.vscode-oss/extensions/eamodio.gitlens-14.2.1-universal/dist/gitlens.js:1:36942)
	at S (/usr/lib/code/out/vs/workbench/api/node/extensionHostProcess.js:13:11731)
	at r.Z (/usr/lib/code/out/vs/workbench/api/node/extensionHostProcess.js:116:9686)
	at /usr/lib/code/out/vs/workbench/api/node/extensionHostProcess.js:116:7582
	at Array.map (<anonymous>)
	at r.S (/usr/lib/code/out/vs/workbench/api/node/extensionHostProcess.js:116:7570)
	at r.terminate (/usr/lib/code/out/vs/workbench/api/node/extensionHostProcess.js:116:7842)
	at s.terminate (/usr/lib/code/out/vs/workbench/api/node/extensionHostProcess.js:120:1506)
	at C (/usr/lib/code/out/vs/workbench/api/node/extensionHostProcess.js:130:32254)
	at MessagePortMain.<anonymous> (/usr/lib/code/out/vs/workbench/api/node/extensionHostProcess.js:130:28679)
	at MessagePortMain.emit (node:events:513:28)
	at MessagePortMain._internalPort.emit (node:electron/js2c/utility_init:2:367) setContext undefined
2023-08-17 22:21:38.750 [error] Canceled: Canceled
	at new h (/usr/lib/code/out/vs/workbench/api/node/extensionHostProcess.js:102:56634)
	at t.O (/usr/lib/code/out/vs/workbench/api/node/extensionHostProcess.js:114:8020)
	at N.<computed>.T.charCodeAt.N.<computed> (/usr/lib/code/out/vs/workbench/api/node/extensionHostProcess.js:114:5459)
	at a.g (/usr/lib/code/out/vs/workbench/api/node/extensionHostProcess.js:102:77241)
	at a.executeCommand (/usr/lib/code/out/vs/workbench/api/node/extensionHostProcess.js:102:76679)
	at v.registerCommand.description (/usr/lib/code/out/vs/workbench/api/node/extensionHostProcess.js:102:76000)
	at a.h (/usr/lib/code/out/vs/workbench/api/node/extensionHostProcess.js:102:77777)
	at a.g (/usr/lib/code/out/vs/workbench/api/node/extensionHostProcess.js:102:76772)
	at a.executeCommand (/usr/lib/code/out/vs/workbench/api/node/extensionHostProcess.js:102:76679)
	at Object.executeCommand (/usr/lib/code/out/vs/workbench/api/node/extensionHostProcess.js:120:20977)
	at g (/home/sam/.vscode-oss/extensions/eamodio.gitlens-14.2.1-universal/dist/gitlens.js:1:958295)
	at c (/home/sam/.vscode-oss/extensions/eamodio.gitlens-14.2.1-universal/dist/gitlens.js:1:962923)
	at ActionRunners._updateContextKeys (/home/sam/.vscode-oss/extensions/eamodio.gitlens-14.2.1-universal/dist/gitlens.js:1:38282)
	at s (/home/sam/.vscode-oss/extensions/eamodio.gitlens-14.2.1-universal/dist/gitlens.js:1:36701)
	at RegisteredActionRunner.unregister (/home/sam/.vscode-oss/extensions/eamodio.gitlens-14.2.1-universal/dist/gitlens.js:1:36845)
	at RegisteredActionRunner.dispose (/home/sam/.vscode-oss/extensions/eamodio.gitlens-14.2.1-universal/dist/gitlens.js:1:35508)
	at Object.dispose (/home/sam/.vscode-oss/extensions/eamodio.gitlens-14.2.1-universal/dist/gitlens.js:1:36942)
	at S (/usr/lib/code/out/vs/workbench/api/node/extensionHostProcess.js:13:11731)
	at r.Z (/usr/lib/code/out/vs/workbench/api/node/extensionHostProcess.js:116:9686)
	at /usr/lib/code/out/vs/workbench/api/node/extensionHostProcess.js:116:7582
	at Array.map (<anonymous>)
	at r.S (/usr/lib/code/out/vs/workbench/api/node/extensionHostProcess.js:116:7570)
	at r.terminate (/usr/lib/code/out/vs/workbench/api/node/extensionHostProcess.js:116:7842)
	at s.terminate (/usr/lib/code/out/vs/workbench/api/node/extensionHostProcess.js:120:1506)
	at C (/usr/lib/code/out/vs/workbench/api/node/extensionHostProcess.js:130:32254)
	at MessagePortMain.<anonymous> (/usr/lib/code/out/vs/workbench/api/node/extensionHostProcess.js:130:28679)
	at MessagePortMain.emit (node:events:513:28)
	at MessagePortMain._internalPort.emit (node:electron/js2c/utility_init:2:367) setContext undefined
2023-08-17 22:21:38.750 [error] Canceled: Canceled
	at new h (/usr/lib/code/out/vs/workbench/api/node/extensionHostProcess.js:102:56634)
	at t.O (/usr/lib/code/out/vs/workbench/api/node/extensionHostProcess.js:114:8020)
	at N.<computed>.T.charCodeAt.N.<computed> (/usr/lib/code/out/vs/workbench/api/node/extensionHostProcess.js:114:5459)
	at a.g (/usr/lib/code/out/vs/workbench/api/node/extensionHostProcess.js:102:77241)
	at a.executeCommand (/usr/lib/code/out/vs/workbench/api/node/extensionHostProcess.js:102:76679)
	at v.registerCommand.description (/usr/lib/code/out/vs/workbench/api/node/extensionHostProcess.js:102:76000)
	at a.h (/usr/lib/code/out/vs/workbench/api/node/extensionHostProcess.js:102:77777)
	at a.g (/usr/lib/code/out/vs/workbench/api/node/extensionHostProcess.js:102:76772)
	at a.executeCommand (/usr/lib/code/out/vs/workbench/api/node/extensionHostProcess.js:102:76679)
	at Object.executeCommand (/usr/lib/code/out/vs/workbench/api/node/extensionHostProcess.js:120:20977)
	at g (/home/sam/.vscode-oss/extensions/eamodio.gitlens-14.2.1-universal/dist/gitlens.js:1:958295)
	at c (/home/sam/.vscode-oss/extensions/eamodio.gitlens-14.2.1-universal/dist/gitlens.js:1:962923)
	at ActionRunners._updateContextKeys (/home/sam/.vscode-oss/extensions/eamodio.gitlens-14.2.1-universal/dist/gitlens.js:1:38282)
	at s (/home/sam/.vscode-oss/extensions/eamodio.gitlens-14.2.1-universal/dist/gitlens.js:1:36701)
	at RegisteredActionRunner.unregister (/home/sam/.vscode-oss/extensions/eamodio.gitlens-14.2.1-universal/dist/gitlens.js:1:36845)
	at RegisteredActionRunner.dispose (/home/sam/.vscode-oss/extensions/eamodio.gitlens-14.2.1-universal/dist/gitlens.js:1:35508)
	at Object.dispose (/home/sam/.vscode-oss/extensions/eamodio.gitlens-14.2.1-universal/dist/gitlens.js:1:36942)
	at S (/usr/lib/code/out/vs/workbench/api/node/extensionHostProcess.js:13:11731)
	at r.Z (/usr/lib/code/out/vs/workbench/api/node/extensionHostProcess.js:116:9686)
	at /usr/lib/code/out/vs/workbench/api/node/extensionHostProcess.js:116:7582
	at Array.map (<anonymous>)
	at r.S (/usr/lib/code/out/vs/workbench/api/node/extensionHostProcess.js:116:7570)
	at r.terminate (/usr/lib/code/out/vs/workbench/api/node/extensionHostProcess.js:116:7842)
	at s.terminate (/usr/lib/code/out/vs/workbench/api/node/extensionHostProcess.js:120:1506)
	at C (/usr/lib/code/out/vs/workbench/api/node/extensionHostProcess.js:130:32254)
	at MessagePortMain.<anonymous> (/usr/lib/code/out/vs/workbench/api/node/extensionHostProcess.js:130:28679)
	at MessagePortMain.emit (node:events:513:28)
	at MessagePortMain._internalPort.emit (node:electron/js2c/utility_init:2:367) setContext undefined
2023-08-17 22:21:38.750 [error] Canceled: Canceled
	at new h (/usr/lib/code/out/vs/workbench/api/node/extensionHostProcess.js:102:56634)
	at t.O (/usr/lib/code/out/vs/workbench/api/node/extensionHostProcess.js:114:8020)
	at N.<computed>.T.charCodeAt.N.<computed> (/usr/lib/code/out/vs/workbench/api/node/extensionHostProcess.js:114:5459)
	at a.g (/usr/lib/code/out/vs/workbench/api/node/extensionHostProcess.js:102:77241)
	at a.executeCommand (/usr/lib/code/out/vs/workbench/api/node/extensionHostProcess.js:102:76679)
	at v.registerCommand.description (/usr/lib/code/out/vs/workbench/api/node/extensionHostProcess.js:102:76000)
	at a.h (/usr/lib/code/out/vs/workbench/api/node/extensionHostProcess.js:102:77777)
	at a.g (/usr/lib/code/out/vs/workbench/api/node/extensionHostProcess.js:102:76772)
	at a.executeCommand (/usr/lib/code/out/vs/workbench/api/node/extensionHostProcess.js:102:76679)
	at Object.executeCommand (/usr/lib/code/out/vs/workbench/api/node/extensionHostProcess.js:120:20977)
	at tf (/home/sam/.vscode-oss/extensions/rust-lang.rust-analyzer-0.3.1623-linux-x64/out/main.js:39:70761)
	at Object.KS (/home/sam/.vscode-oss/extensions/rust-lang.rust-analyzer-0.3.1623-linux-x64/out/main.js:370:80)
	at r.Z (/usr/lib/code/out/vs/workbench/api/node/extensionHostProcess.js:116:9494)
	at /usr/lib/code/out/vs/workbench/api/node/extensionHostProcess.js:116:7582
	at Array.map (<anonymous>)
	at r.S (/usr/lib/code/out/vs/workbench/api/node/extensionHostProcess.js:116:7570)
	at r.terminate (/usr/lib/code/out/vs/workbench/api/node/extensionHostProcess.js:116:7842)
	at s.terminate (/usr/lib/code/out/vs/workbench/api/node/extensionHostProcess.js:120:1506)
	at C (/usr/lib/code/out/vs/workbench/api/node/extensionHostProcess.js:130:32254)
	at MessagePortMain.<anonymous> (/usr/lib/code/out/vs/workbench/api/node/extensionHostProcess.js:130:28679)
	at MessagePortMain.emit (node:events:513:28)
	at MessagePortMain._internalPort.emit (node:electron/js2c/utility_init:2:367) setContext undefined
2023-08-17 22:21:38.750 [error] Canceled: Canceled
	at new h (/usr/lib/code/out/vs/workbench/api/node/extensionHostProcess.js:102:56634)
	at t.O (/usr/lib/code/out/vs/workbench/api/node/extensionHostProcess.js:114:8020)
	at N.<computed>.T.charCodeAt.N.<computed> (/usr/lib/code/out/vs/workbench/api/node/extensionHostProcess.js:114:5459)
	at a.g (/usr/lib/code/out/vs/workbench/api/node/extensionHostProcess.js:102:77241)
	at a.executeCommand (/usr/lib/code/out/vs/workbench/api/node/extensionHostProcess.js:102:76679)
	at v.registerCommand.description (/usr/lib/code/out/vs/workbench/api/node/extensionHostProcess.js:102:76000)
	at a.h (/usr/lib/code/out/vs/workbench/api/node/extensionHostProcess.js:102:77777)
	at a.g (/usr/lib/code/out/vs/workbench/api/node/extensionHostProcess.js:102:76772)
	at a.executeCommand (/usr/lib/code/out/vs/workbench/api/node/extensionHostProcess.js:102:76679)
	at Object.executeCommand (/usr/lib/code/out/vs/workbench/api/node/extensionHostProcess.js:120:20977)
	at tf (/home/sam/.vscode-oss/extensions/rust-lang.rust-analyzer-0.3.1623-linux-x64/out/main.js:39:70761)
	at Object.KS (/home/sam/.vscode-oss/extensions/rust-lang.rust-analyzer-0.3.1623-linux-x64/out/main.js:370:80)
	at r.Z (/usr/lib/code/out/vs/workbench/api/node/extensionHostProcess.js:116:9494)
	at /usr/lib/code/out/vs/workbench/api/node/extensionHostProcess.js:116:7582
	at Array.map (<anonymous>)
	at r.S (/usr/lib/code/out/vs/workbench/api/node/extensionHostProcess.js:116:7570)
	at r.terminate (/usr/lib/code/out/vs/workbench/api/node/extensionHostProcess.js:116:7842)
	at s.terminate (/usr/lib/code/out/vs/workbench/api/node/extensionHostProcess.js:120:1506)
	at C (/usr/lib/code/out/vs/workbench/api/node/extensionHostProcess.js:130:32254)
	at MessagePortMain.<anonymous> (/usr/lib/code/out/vs/workbench/api/node/extensionHostProcess.js:130:28679)
	at MessagePortMain.emit (node:events:513:28)
	at MessagePortMain._internalPort.emit (node:electron/js2c/utility_init:2:367)
2023-08-17 22:21:38.750 [info] Extension host with pid 58017 exiting with code 0
