2023-08-21 09:52:13.199 [info] Added views:workbench.panel.markers.view in workbench.panel.markers
2023-08-21 09:52:13.199 [info] Added views:workbench.panel.output in workbench.panel.output
2023-08-21 09:52:13.199 [info] Added views:terminal in terminal
2023-08-21 09:52:13.199 [info] Added views:outline in workbench.view.explorer
2023-08-21 09:52:13.199 [info] Added views:workbench.scm in workbench.view.scm
2023-08-21 09:52:13.199 [info] Added views:workbench.view.search in workbench.view.search
2023-08-21 09:52:13.199 [info] Added views:timeline in workbench.view.explorer
2023-08-21 09:52:13.200 [info] Added views:workbench.explorer.fileView in workbench.view.explorer
2023-08-21 09:52:13.377 [info] Added views:workbench.debug.welcome in workbench.view.debug
2023-08-21 09:52:13.789 [info] Added views:gitlens.views.home,gitlens.views.workspaces,gitlens.views.account in workbench.view.extension.gitlens
2023-08-21 09:52:13.789 [info] Added views:gitlens.views.commitDetails,gitlens.views.lineHistory,gitlens.views.fileHistory,gitlens.views.searchAndCompare in workbench.view.extension.gitlensInspect
2023-08-21 09:52:13.790 [info] Added views:gitlens.views.commits,gitlens.views.branches,gitlens.views.remotes,gitlens.views.stashes,gitlens.views.tags,gitlens.views.contributors in workbench.view.scm
2023-08-21 09:52:13.790 [info] Added views:pr:github,issues:github in workbench.view.extension.github-pull-requests
2023-08-21 09:52:13.915 [info] Added views:workbench.panel.repl.view in workbench.panel.repl
2023-08-21 09:52:14.568 [info] Added views:test-explorer in workbench.view.extension.test
2023-08-21 09:52:14.972 [info] Added views:rustDependencies in workbench.view.explorer
2023-08-21 09:52:15.275 [info] Removed views:gitlens.views.searchAndCompare,gitlens.views.fileHistory,gitlens.views.lineHistory,gitlens.views.commitDetails from workbench.view.extension.gitlensInspect
2023-08-21 09:52:15.277 [info] Removed views:gitlens.views.contributors,gitlens.views.tags,gitlens.views.stashes,gitlens.views.remotes,gitlens.views.branches,gitlens.views.commits from workbench.view.scm
2023-08-21 09:52:15.627 [info] Added views:gitlens.views.commitDetails,gitlens.views.lineHistory,gitlens.views.fileHistory,gitlens.views.searchAndCompare in workbench.view.extension.gitlensInspect
2023-08-21 09:52:15.628 [info] Added views:gitlens.views.commits,gitlens.views.branches,gitlens.views.remotes,gitlens.views.stashes,gitlens.views.tags,gitlens.views.contributors in workbench.view.scm
2023-08-21 09:52:16.137 [info] Added views:gitlens.views.graph,gitlens.views.graphDetails in workbench.view.extension.gitlensPanel
2023-08-21 09:52:16.138 [info] Added views:gitlens.views.timeline in workbench.view.extension.gitlensInspect
2023-08-21 09:52:16.139 [info] Added views:gitlens.views.worktrees in workbench.view.scm
