2023-08-23 03:24:58.898 [info] Log level: Info
2023-08-23 03:24:58.898 [info] Validating found git in: "git"
2023-08-23 03:24:58.898 [info] Using git "2.41.0" from "git"
2023-08-23 03:24:58.898 [info] > git rev-parse --show-toplevel [7ms]
2023-08-23 03:24:58.898 [info] fatal: not a git repository (or any of the parent directories): .git
2023-08-23 03:24:58.901 [info] > git rev-parse --show-toplevel [10ms]
2023-08-23 03:24:58.901 [info] fatal: not a git repository (or any of the parent directories): .git
2023-08-23 03:24:59.061 [info] > git rev-parse --show-toplevel [84ms]
2023-08-23 03:24:59.061 [info] fatal: not a git repository (or any of the parent directories): .git
2023-08-23 03:24:59.188 [info] > git rev-parse --show-toplevel [93ms]
2023-08-23 03:24:59.188 [info] fatal: not a git repository (or any of the parent directories): .git
2023-08-23 03:24:59.218 [info] > git rev-parse --show-toplevel [20ms]
2023-08-23 03:24:59.218 [info] fatal: not a git repository (or any of the parent directories): .git
2023-08-23 03:24:59.239 [info] > git rev-parse --show-toplevel [2ms]
2023-08-23 03:24:59.239 [info] fatal: not a git repository (or any of the parent directories): .git
2023-08-23 03:24:59.294 [info] > git rev-parse --show-toplevel [10ms]
2023-08-23 03:24:59.294 [info] fatal: not a git repository (or any of the parent directories): .git
2023-08-23 03:24:59.315 [info] > git rev-parse --show-toplevel [2ms]
2023-08-23 03:24:59.315 [info] fatal: not a git repository (or any of the parent directories): .git
2023-08-23 03:24:59.325 [info] > git rev-parse --show-toplevel [1ms]
2023-08-23 03:24:59.325 [info] fatal: not a git repository (or any of the parent directories): .git
2023-08-23 03:24:59.333 [info] > git rev-parse --show-toplevel [1ms]
2023-08-23 03:24:59.333 [info] fatal: not a git repository (or any of the parent directories): .git
2023-08-23 03:24:59.345 [info] > git rev-parse --show-toplevel [4ms]
2023-08-23 03:24:59.357 [info] > git rev-parse --git-dir --git-common-dir [3ms]
2023-08-23 03:24:59.361 [info] Open repository: /home/sam/.config/emacs
2023-08-23 03:24:59.383 [info] > git config --get commit.template [12ms]
2023-08-23 03:24:59.384 [info] > git rev-parse --show-toplevel [4ms]
2023-08-23 03:24:59.384 [info] fatal: not a git repository (or any of the parent directories): .git
2023-08-23 03:24:59.400 [info] > git for-each-ref --format=%(refname)%00%(upstream:short)%00%(objectname)%00%(upstream:track)%00%(upstream:remotename)%00%(upstream:remoteref) refs/heads/master refs/remotes/master [8ms]
2023-08-23 03:24:59.409 [info] > git rev-parse --show-toplevel [10ms]
2023-08-23 03:24:59.409 [info] fatal: not a git repository (or any of the parent directories): .git
2023-08-23 03:24:59.417 [info] > git status -z -uall [9ms]
2023-08-23 03:24:59.417 [info] > git rev-parse --show-toplevel [1ms]
2023-08-23 03:24:59.417 [info] fatal: not a git repository (or any of the parent directories): .git
2023-08-23 03:24:59.438 [info] > git rev-parse --show-toplevel [9ms]
2023-08-23 03:24:59.438 [info] fatal: not a git repository (or any of the parent directories): .git
2023-08-23 03:24:59.440 [info] > git config --get commit.template [3ms]
2023-08-23 03:24:59.468 [info] > git rev-parse --show-toplevel [13ms]
2023-08-23 03:24:59.468 [info] fatal: not a git repository (or any of the parent directories): .git
2023-08-23 03:24:59.468 [info] > git for-each-ref --format=%(refname)%00%(upstream:short)%00%(objectname)%00%(upstream:track)%00%(upstream:remotename)%00%(upstream:remoteref) refs/heads/master refs/remotes/master [21ms]
2023-08-23 03:24:59.488 [info] > git status -z -uall [11ms]
2023-08-23 03:24:59.488 [info] > git rev-parse --show-toplevel [2ms]
2023-08-23 03:24:59.488 [info] fatal: not a git repository (or any of the parent directories): .git
2023-08-23 03:24:59.516 [info] > git rev-parse --show-toplevel [2ms]
2023-08-23 03:24:59.516 [info] fatal: not a git repository (or any of the parent directories): .git
2023-08-23 03:24:59.525 [info] > git rev-parse --show-toplevel [0ms]
2023-08-23 03:24:59.525 [info] fatal: not a git repository (or any of the parent directories): .git
2023-08-23 03:24:59.553 [info] > git rev-parse --show-toplevel [1ms]
2023-08-23 03:24:59.553 [info] fatal: not a git repository (or any of the parent directories): .git
2023-08-23 03:24:59.566 [info] > git rev-parse --show-toplevel [2ms]
2023-08-23 03:24:59.566 [info] fatal: not a git repository (or any of the parent directories): .git
2023-08-23 03:24:59.584 [info] > git rev-parse --show-toplevel [1ms]
2023-08-23 03:24:59.584 [info] fatal: not a git repository (or any of the parent directories): .git
2023-08-23 03:24:59.609 [info] > git rev-parse --show-toplevel [2ms]
2023-08-23 03:24:59.609 [info] fatal: not a git repository (or any of the parent directories): .git
2023-08-23 03:24:59.618 [info] > git rev-parse --show-toplevel [1ms]
2023-08-23 03:24:59.618 [info] fatal: not a git repository (or any of the parent directories): .git
2023-08-23 03:24:59.628 [info] > git rev-parse --show-toplevel [1ms]
2023-08-23 03:24:59.628 [info] fatal: not a git repository (or any of the parent directories): .git
2023-08-23 03:24:59.637 [info] > git rev-parse --show-toplevel [1ms]
2023-08-23 03:24:59.647 [info] > git rev-parse --git-dir --git-common-dir [1ms]
2023-08-23 03:24:59.651 [info] Open repository: /home/sam/.config/nvim
2023-08-23 03:24:59.670 [info] > git config --get commit.template [9ms]
2023-08-23 03:24:59.679 [info] > git rev-parse --show-toplevel [9ms]
2023-08-23 03:24:59.679 [info] fatal: not a git repository (or any of the parent directories): .git
2023-08-23 03:24:59.687 [info] > git for-each-ref --format=%(refname)%00%(upstream:short)%00%(objectname)%00%(upstream:track)%00%(upstream:remotename)%00%(upstream:remoteref) refs/heads/v2.0 refs/remotes/v2.0 [10ms]
2023-08-23 03:24:59.694 [info] > git rev-parse --show-toplevel [8ms]
2023-08-23 03:24:59.694 [info] fatal: not a git repository (or any of the parent directories): .git
2023-08-23 03:24:59.702 [info] > git status -z -uall [8ms]
2023-08-23 03:24:59.713 [info] > git rev-parse --show-toplevel [12ms]
2023-08-23 03:24:59.713 [info] fatal: not a git repository (or any of the parent directories): .git
2023-08-23 03:24:59.714 [info] > git config --get commit.template [1ms]
2023-08-23 03:24:59.732 [info] > git rev-parse --show-toplevel [2ms]
2023-08-23 03:24:59.732 [info] fatal: not a git repository (or any of the parent directories): .git
2023-08-23 03:24:59.732 [info] > git for-each-ref --format=%(refname)%00%(upstream:short)%00%(objectname)%00%(upstream:track)%00%(upstream:remotename)%00%(upstream:remoteref) refs/heads/v2.0 refs/remotes/v2.0 [9ms]
2023-08-23 03:24:59.746 [info] > git status -z -uall [8ms]
2023-08-23 03:24:59.757 [info] > git rev-parse --show-toplevel [1ms]
2023-08-23 03:24:59.757 [info] fatal: not a git repository (or any of the parent directories): .git
2023-08-23 03:24:59.765 [info] > git rev-parse --show-toplevel [1ms]
2023-08-23 03:24:59.765 [info] fatal: not a git repository (or any of the parent directories): .git
2023-08-23 03:24:59.773 [info] > git rev-parse --show-toplevel [0ms]
2023-08-23 03:24:59.773 [info] fatal: not a git repository (or any of the parent directories): .git
2023-08-23 03:24:59.781 [info] > git rev-parse --show-toplevel [1ms]
2023-08-23 03:24:59.781 [info] fatal: not a git repository (or any of the parent directories): .git
2023-08-23 03:24:59.789 [info] > git rev-parse --show-toplevel [1ms]
2023-08-23 03:24:59.789 [info] fatal: not a git repository (or any of the parent directories): .git
2023-08-23 03:24:59.796 [info] > git rev-parse --show-toplevel [0ms]
2023-08-23 03:24:59.796 [info] fatal: not a git repository (or any of the parent directories): .git
2023-08-23 03:24:59.804 [info] > git rev-parse --show-toplevel [1ms]
2023-08-23 03:24:59.804 [info] fatal: not a git repository (or any of the parent directories): .git
2023-08-23 03:24:59.813 [info] > git rev-parse --show-toplevel [0ms]
2023-08-23 03:24:59.813 [info] fatal: not a git repository (or any of the parent directories): .git
2023-08-23 03:24:59.821 [info] > git rev-parse --show-toplevel [0ms]
2023-08-23 03:24:59.821 [info] fatal: not a git repository (or any of the parent directories): .git
2023-08-23 03:24:59.828 [info] > git rev-parse --show-toplevel [1ms]
2023-08-23 03:24:59.828 [info] fatal: not a git repository (or any of the parent directories): .git
2023-08-23 03:24:59.837 [info] > git rev-parse --show-toplevel [1ms]
2023-08-23 03:24:59.837 [info] fatal: not a git repository (or any of the parent directories): .git
2023-08-23 03:24:59.844 [info] > git rev-parse --show-toplevel [0ms]
2023-08-23 03:24:59.844 [info] fatal: not a git repository (or any of the parent directories): .git
2023-08-23 03:25:00.227 [info] > git check-ignore -v -z --stdin [1ms]
2023-08-23 03:25:17.927 [info] > git rev-parse --show-toplevel [9ms]
2023-08-23 03:25:17.927 [info] fatal: not a git repository (or any of the parent directories): .git
2023-08-23 03:26:04.901 [info] > git rev-parse --show-toplevel [1ms]
2023-08-23 03:26:04.901 [info] fatal: not a git repository (or any of the parent directories): .git
2023-08-23 03:26:15.416 [info] > git rev-parse --show-toplevel [2ms]
2023-08-23 03:26:15.416 [info] fatal: not a git repository (or any of the parent directories): .git
2023-08-23 03:26:33.587 [info] > git check-ignore -v -z --stdin [1ms]
2023-08-23 03:26:43.210 [info] > git rev-parse --show-toplevel [12ms]
2023-08-23 03:26:43.210 [info] fatal: not a git repository (or any of the parent directories): .git
2023-08-23 03:27:08.392 [info] > git rev-parse --show-toplevel [1ms]
2023-08-23 03:27:08.392 [info] fatal: not a git repository (or any of the parent directories): .git
2023-08-23 03:29:41.543 [info] > git rev-parse --show-toplevel [1ms]
2023-08-23 03:29:41.543 [info] fatal: not a git repository (or any of the parent directories): .git
2023-08-23 03:29:44.652 [info] > git rev-parse --show-toplevel [1ms]
2023-08-23 03:29:44.652 [info] fatal: not a git repository (or any of the parent directories): .git
2023-08-23 03:29:45.669 [info] > git rev-parse --show-toplevel [1ms]
2023-08-23 03:29:45.669 [info] fatal: not a git repository (or any of the parent directories): .git
2023-08-23 03:40:32.766 [info] > git rev-parse --show-toplevel [1ms]
2023-08-23 03:40:32.766 [info] fatal: not a git repository (or any of the parent directories): .git
2023-08-23 03:40:33.511 [info] > git rev-parse --show-toplevel [8ms]
2023-08-23 03:40:33.511 [info] fatal: not a git repository (or any of the parent directories): .git
2023-08-23 03:40:34.126 [info] > git rev-parse --show-toplevel [2ms]
2023-08-23 03:40:34.126 [info] fatal: not a git repository (or any of the parent directories): .git
2023-08-23 03:40:34.688 [info] > git rev-parse --show-toplevel [9ms]
2023-08-23 03:40:34.688 [info] fatal: not a git repository (or any of the parent directories): .git
2023-08-23 03:40:35.385 [info] > git rev-parse --show-toplevel [12ms]
2023-08-23 03:40:35.385 [info] fatal: not a git repository (or any of the parent directories): .git
2023-08-23 03:40:35.991 [info] > git rev-parse --show-toplevel [10ms]
2023-08-23 03:40:35.991 [info] fatal: not a git repository (or any of the parent directories): .git
2023-08-23 03:40:36.519 [info] > git rev-parse --show-toplevel [9ms]
2023-08-23 03:40:36.519 [info] fatal: not a git repository (or any of the parent directories): .git
2023-08-23 03:48:48.782 [info] > git rev-parse --show-toplevel [1ms]
2023-08-23 03:48:48.782 [info] fatal: not a git repository (or any of the parent directories): .git
2023-08-23 03:49:28.735 [info] > git rev-parse --show-toplevel [2ms]
2023-08-23 03:49:28.735 [info] fatal: not a git repository (or any of the parent directories): .git
2023-08-23 03:50:06.249 [info] > git rev-parse --show-toplevel [8ms]
2023-08-23 03:50:06.250 [info] fatal: not a git repository (or any of the parent directories): .git
2023-08-23 03:50:13.853 [info] > git rev-parse --show-toplevel [35ms]
2023-08-23 03:50:13.853 [info] fatal: not a git repository (or any of the parent directories): .git
2023-08-23 03:52:20.548 [info] > git rev-parse --show-toplevel [12ms]
2023-08-23 03:52:20.548 [info] fatal: not a git repository (or any of the parent directories): .git
2023-08-23 11:18:09.919 [info] > git rev-parse --show-toplevel [14ms]
2023-08-23 11:18:09.919 [info] fatal: not a git repository (or any of the parent directories): .git
2023-08-23 11:18:13.169 [info] > git rev-parse --show-toplevel [11ms]
2023-08-23 11:18:13.169 [info] fatal: not a git repository (or any of the parent directories): .git
2023-08-23 11:18:21.045 [info] > git rev-parse --show-toplevel [13ms]
2023-08-23 11:18:21.046 [info] fatal: not a git repository (or any of the parent directories): .git
2023-08-23 11:18:24.317 [info] > git rev-parse --show-toplevel [13ms]
2023-08-23 11:18:24.317 [info] fatal: not a git repository (or any of the parent directories): .git
2023-08-23 11:18:25.345 [info] > git rev-parse --show-toplevel [10ms]
2023-08-23 11:18:25.345 [info] fatal: not a git repository (or any of the parent directories): .git
2023-08-23 11:18:27.888 [info] > git rev-parse --show-toplevel [14ms]
2023-08-23 11:18:27.888 [info] fatal: not a git repository (or any of the parent directories): .git
2023-08-23 11:18:35.584 [info] > git rev-parse --show-toplevel [13ms]
2023-08-23 11:18:35.584 [info] fatal: not a git repository (or any of the parent directories): .git
2023-08-23 11:19:04.690 [info] > git rev-parse --show-toplevel [1ms]
2023-08-23 11:19:04.690 [info] fatal: not a git repository (or any of the parent directories): .git
2023-08-23 11:20:06.372 [info] > git rev-parse --show-toplevel [10ms]
2023-08-23 11:20:06.372 [info] fatal: not a git repository (or any of the parent directories): .git
2023-08-23 11:20:14.351 [info] > git rev-parse --show-toplevel [2ms]
2023-08-23 11:20:14.351 [info] fatal: not a git repository (or any of the parent directories): .git
2023-08-23 11:21:06.597 [info] > git rev-parse --show-toplevel [1ms]
2023-08-23 11:21:06.597 [info] fatal: not a git repository (or any of the parent directories): .git
2023-08-23 11:22:54.176 [info] > git rev-parse --show-toplevel [1ms]
2023-08-23 11:22:54.177 [info] fatal: not a git repository (or any of the parent directories): .git
