2023-08-23 03:24:58.134 [info] Added views:workbench.panel.markers.view in workbench.panel.markers
2023-08-23 03:24:58.134 [info] Added views:workbench.panel.output in workbench.panel.output
2023-08-23 03:24:58.134 [info] Added views:terminal in terminal
2023-08-23 03:24:58.134 [info] Added views:outline in workbench.view.explorer
2023-08-23 03:24:58.134 [info] Added views:workbench.scm in workbench.view.scm
2023-08-23 03:24:58.134 [info] Added views:workbench.view.search in workbench.view.search
2023-08-23 03:24:58.134 [info] Added views:timeline in workbench.view.explorer
2023-08-23 03:24:58.134 [info] Added views:workbench.explorer.fileView in workbench.view.explorer
2023-08-23 03:24:58.320 [info] Added views:gitlens.views.home,gitlens.views.workspaces,gitlens.views.account in workbench.view.extension.gitlens
2023-08-23 03:24:58.320 [info] Added views:gitlens.views.commitDetails,gitlens.views.lineHistory,gitlens.views.fileHistory,gitlens.views.searchAndCompare in workbench.view.extension.gitlensInspect
2023-08-23 03:24:58.321 [info] Added views:gitlens.views.commits,gitlens.views.branches,gitlens.views.remotes,gitlens.views.stashes,gitlens.views.tags,gitlens.views.contributors in workbench.view.scm
2023-08-23 03:24:58.321 [info] Added views:pr:github,issues:github in workbench.view.extension.github-pull-requests
2023-08-23 03:24:58.569 [info] Added views:workbench.debug.welcome in workbench.view.debug
2023-08-23 03:24:58.675 [info] Added views:workbench.panel.repl.view in workbench.panel.repl
2023-08-23 03:24:58.852 [info] Added views:test-explorer in workbench.view.extension.test
2023-08-23 03:24:59.559 [info] Added views:gitlens.views.graph,gitlens.views.graphDetails in workbench.view.extension.gitlensPanel
2023-08-23 03:24:59.560 [info] Added views:gitlens.views.timeline in workbench.view.extension.gitlensInspect
2023-08-23 03:24:59.561 [info] Added views:gitlens.views.worktrees in workbench.view.scm
2023-08-23 03:25:05.548 [info] Added views:workbench.views.extensions.installed,workbench.views.extensions.popular,extensions.recommendedList in workbench.view.extensions
2023-08-23 03:25:05.551 [info] Removed views:workbench.views.extensions.popular from workbench.view.extensions
2023-08-23 03:25:08.239 [info] Removed views:extensions.recommendedList,workbench.views.extensions.installed from workbench.view.extensions
2023-08-23 03:25:08.266 [info] Added views:workbench.views.extensions.marketplace in workbench.view.extensions
