2023-08-21 10:26:18.428 [info] Extension host with pid 34808 started
2023-08-21 10:26:18.428 [info] Skipping acquiring lock for /home/sam/.config/Code - OSS/User/workspaceStorage/44587bd0f72a77bff5b2271956eed4ca.
2023-08-21 10:26:18.466 [info] ExtensionService#_doActivateExtension vscode.git-base, startup: true, activationEvent: '*', root cause: vscode.git
2023-08-21 10:26:18.470 [info] ExtensionService#_doActivateExtension hbenl.test-adapter-converter, startup: true, activationEvent: '*', root cause: hbenl.vscode-test-explorer
2023-08-21 10:26:18.473 [info] ExtensionService#_doActivateExtension mhutchie.git-graph, startup: true, activationEvent: '*'
2023-08-21 10:26:18.492 [info] ExtensionService#_doActivateExtension rust-lang.rust, startup: true, activationEvent: 'workspaceContains:Cargo.toml'
2023-08-21 10:26:18.540 [info] ExtensionService#_doActivateExtension serayuzgur.crates, startup: true, activationEvent: 'workspaceContains:Cargo.toml'
2023-08-21 10:26:18.678 [info] ExtensionService#_doActivateExtension vscode.git, startup: true, activationEvent: '*'
2023-08-21 10:26:18.694 [info] ExtensionService#_doActivateExtension vscode.github, startup: true, activationEvent: '*'
2023-08-21 10:26:18.702 [info] ExtensionService#_doActivateExtension hbenl.vscode-test-explorer, startup: true, activationEvent: '*'
2023-08-21 10:26:18.847 [info] ExtensionService#_doActivateExtension Swellaby.vscode-rust-test-adapter, startup: true, activationEvent: '*'
2023-08-21 10:26:18.847 [error] Activating extension Swellaby.vscode-rust-test-adapter failed due to an error:
2023-08-21 10:26:18.847 [error] Error: Cannot find module '/home/sam/.vscode-oss/extensions/swellaby.vscode-rust-test-adapter-0.11.1-universal/src/main.js'
Require stack:
- /usr/lib/code/out/vs/loader.js
- /usr/lib/code/out/bootstrap-amd.js
- /usr/lib/code/out/bootstrap-fork.js
- 
	at Module._resolveFilename (node:internal/modules/cjs/loader:963:15)
	at o._resolveFilename (node:electron/js2c/utility_init:2:2994)
	at Module._load (node:internal/modules/cjs/loader:811:27)
	at f._load (node:electron/js2c/asar_bundle:2:13330)
	at o._load (/usr/lib/code/out/vs/workbench/api/node/extensionHostProcess.js:130:28084)
	at f._load (/usr/lib/code/out/vs/workbench/api/node/extensionHostProcess.js:130:25418)
	at C._load (/usr/lib/code/out/vs/workbench/api/node/extensionHostProcess.js:94:19511)
	at Module.require (node:internal/modules/cjs/loader:1035:19)
	at require (node:internal/modules/cjs/helpers:102:18)
	at Function.i [as __$__nodeRequire] (/usr/lib/code/out/vs/loader.js:5:98)
	at r.rb (/usr/lib/code/out/vs/workbench/api/node/extensionHostProcess.js:130:26597)
	at async Promise.all (index 0)
2023-08-21 10:26:18.847 [info] Eager extensions activated
2023-08-21 10:26:18.883 [info] ExtensionService#_doActivateExtension vscode.debug-auto-launch, startup: false, activationEvent: 'onStartupFinished'
2023-08-21 10:26:18.885 [info] ExtensionService#_doActivateExtension vscode.merge-conflict, startup: false, activationEvent: 'onStartupFinished'
2023-08-21 10:26:18.888 [info] ExtensionService#_doActivateExtension eamodio.gitlens, startup: false, activationEvent: 'onStartupFinished'
2023-08-21 10:26:18.917 [info] ExtensionService#_doActivateExtension esbenp.prettier-vscode, startup: false, activationEvent: 'onStartupFinished'
2023-08-21 10:26:18.943 [info] ExtensionService#_doActivateExtension vadimcn.vscode-lldb, startup: false, activationEvent: 'onStartupFinished', root cause: franneck94.vscode-c-cpp-config
2023-08-21 10:26:18.949 [info] ExtensionService#_doActivateExtension vscode.github-authentication, startup: false, activationEvent: 'onStartupFinished', root cause: GitHub.vscode-pull-request-github
2023-08-21 10:26:18.966 [info] ExtensionService#_doActivateExtension waderyan.gitblame, startup: false, activationEvent: 'onStartupFinished'
2023-08-21 10:26:19.102 [info] ExtensionService#_doActivateExtension franneck94.vscode-c-cpp-config, startup: false, activationEvent: 'onStartupFinished'
2023-08-21 10:26:19.104 [info] ExtensionService#_doActivateExtension GitHub.vscode-pull-request-github, startup: false, activationEvent: 'onStartupFinished'
2023-08-21 10:26:19.257 [error] Activating extension GitHub.vscode-pull-request-github failed due to an error:
2023-08-21 10:26:19.257 [error] Error: Extension 'GitHub.vscode-pull-request-github' CANNOT use API proposal: readonlyMessage.
Its package.json#enabledApiProposals-property declares:  but NOT readonlyMessage.
 The missing proposal MUST be added and you must start in extension development mode or use the following command line switch: --enable-proposed-api GitHub.vscode-pull-request-github
	at S (/usr/lib/code/out/vs/workbench/api/node/extensionHostProcess.js:100:67708)
	at S.registerFileSystemProvider (/usr/lib/code/out/vs/workbench/api/node/extensionHostProcess.js:104:19680)
	at Object.registerFileSystemProvider (/usr/lib/code/out/vs/workbench/api/node/extensionHostProcess.js:120:37243)
	at k0 (/home/sam/.vscode-oss/extensions/github.vscode-pull-request-github-0.68.0-universal/dist/extension.js:1831:8152)
	at async E0 (/home/sam/.vscode-oss/extensions/github.vscode-pull-request-github-0.68.0-universal/dist/extension.js:1831:5533)
	at async p.n (/usr/lib/code/out/vs/workbench/api/node/extensionHostProcess.js:102:6206)
	at async p.m (/usr/lib/code/out/vs/workbench/api/node/extensionHostProcess.js:102:6169)
	at async p.l (/usr/lib/code/out/vs/workbench/api/node/extensionHostProcess.js:102:5626)
2023-08-21 10:26:34.387 [info] ExtensionService#_doActivateExtension rust-lang.rust-analyzer, startup: false, activationEvent: 'onLanguage:rust'
2023-08-21 10:26:34.409 [info] ExtensionService#_doActivateExtension vscode.emmet, startup: false, activationEvent: 'onLanguage'
2023-08-21 10:26:39.555 [info] ExtensionService#_doActivateExtension bungcip.better-toml, startup: false, activationEvent: 'onLanguage:toml'
2023-08-21 10:47:12.561 [error] [rust-lang.rust] provider FAILED
2023-08-21 10:47:12.570 [error] Error: Language client is not ready yet
	at LanguageClient.sendRequest (/home/sam/.vscode-oss/extensions/rust-lang.rust-0.7.8-universal/node_modules/vscode-languageclient/lib/client.js:1789:19)
	at /home/sam/.vscode-oss/extensions/rust-lang.rust-0.7.8-universal/out/src/providers/signatureHelpProvider.js:35:16
	at new Promise (<anonymous>)
	at SignatureHelpProvider.provideHover (/home/sam/.vscode-oss/extensions/rust-lang.rust-0.7.8-universal/out/src/providers/signatureHelpProvider.js:34:16)
	at SignatureHelpProvider.provideSignatureHelp (/home/sam/.vscode-oss/extensions/rust-lang.rust-0.7.8-universal/out/src/providers/signatureHelpProvider.js:15:25)
	at B.provideSignatureHelp (/usr/lib/code/out/vs/workbench/api/node/extensionHostProcess.js:104:55075)
	at /usr/lib/code/out/vs/workbench/api/node/extensionHostProcess.js:104:72103
	at le.s (/usr/lib/code/out/vs/workbench/api/node/extensionHostProcess.js:104:62744)
	at le.$provideSignatureHelp (/usr/lib/code/out/vs/workbench/api/node/extensionHostProcess.js:104:72090)
	at t.N (/usr/lib/code/out/vs/workbench/api/node/extensionHostProcess.js:114:7983)
	at t.M (/usr/lib/code/out/vs/workbench/api/node/extensionHostProcess.js:114:7749)
	at t.H (/usr/lib/code/out/vs/workbench/api/node/extensionHostProcess.js:114:6791)
	at t.G (/usr/lib/code/out/vs/workbench/api/node/extensionHostProcess.js:114:5906)
	at r.value (/usr/lib/code/out/vs/workbench/api/node/extensionHostProcess.js:114:4736)
	at f.w (/usr/lib/code/out/vs/workbench/api/node/extensionHostProcess.js:63:1902)
	at f.fire (/usr/lib/code/out/vs/workbench/api/node/extensionHostProcess.js:63:2119)
	at y.fire (/usr/lib/code/out/vs/workbench/api/node/extensionHostProcess.js:79:13931)
	at r.value (/usr/lib/code/out/vs/workbench/api/node/extensionHostProcess.js:130:30355)
	at f.w (/usr/lib/code/out/vs/workbench/api/node/extensionHostProcess.js:63:1902)
	at f.fire (/usr/lib/code/out/vs/workbench/api/node/extensionHostProcess.js:63:2119)
	at y.fire (/usr/lib/code/out/vs/workbench/api/node/extensionHostProcess.js:79:13931)
	at MessagePortMain.<anonymous> (/usr/lib/code/out/vs/workbench/api/node/extensionHostProcess.js:130:28635)
	at MessagePortMain.emit (node:events:513:28)
	at MessagePortMain._internalPort.emit (node:electron/js2c/utility_init:2:367)
2023-08-21 10:47:48.291 [error] [rust-lang.rust] provider FAILED
2023-08-21 10:47:48.291 [error] Error: Language client is not ready yet
	at LanguageClient.sendRequest (/home/sam/.vscode-oss/extensions/rust-lang.rust-0.7.8-universal/node_modules/vscode-languageclient/lib/client.js:1789:19)
	at /home/sam/.vscode-oss/extensions/rust-lang.rust-0.7.8-universal/out/src/providers/signatureHelpProvider.js:35:16
	at new Promise (<anonymous>)
	at SignatureHelpProvider.provideHover (/home/sam/.vscode-oss/extensions/rust-lang.rust-0.7.8-universal/out/src/providers/signatureHelpProvider.js:34:16)
	at SignatureHelpProvider.provideSignatureHelp (/home/sam/.vscode-oss/extensions/rust-lang.rust-0.7.8-universal/out/src/providers/signatureHelpProvider.js:15:25)
	at B.provideSignatureHelp (/usr/lib/code/out/vs/workbench/api/node/extensionHostProcess.js:104:55075)
	at /usr/lib/code/out/vs/workbench/api/node/extensionHostProcess.js:104:72103
	at le.s (/usr/lib/code/out/vs/workbench/api/node/extensionHostProcess.js:104:62744)
	at le.$provideSignatureHelp (/usr/lib/code/out/vs/workbench/api/node/extensionHostProcess.js:104:72090)
	at t.N (/usr/lib/code/out/vs/workbench/api/node/extensionHostProcess.js:114:7983)
	at t.M (/usr/lib/code/out/vs/workbench/api/node/extensionHostProcess.js:114:7749)
	at t.H (/usr/lib/code/out/vs/workbench/api/node/extensionHostProcess.js:114:6791)
	at t.G (/usr/lib/code/out/vs/workbench/api/node/extensionHostProcess.js:114:5906)
	at r.value (/usr/lib/code/out/vs/workbench/api/node/extensionHostProcess.js:114:4736)
	at f.w (/usr/lib/code/out/vs/workbench/api/node/extensionHostProcess.js:63:1902)
	at f.fire (/usr/lib/code/out/vs/workbench/api/node/extensionHostProcess.js:63:2119)
	at y.fire (/usr/lib/code/out/vs/workbench/api/node/extensionHostProcess.js:79:13931)
	at r.value (/usr/lib/code/out/vs/workbench/api/node/extensionHostProcess.js:130:30355)
	at f.w (/usr/lib/code/out/vs/workbench/api/node/extensionHostProcess.js:63:1902)
	at f.fire (/usr/lib/code/out/vs/workbench/api/node/extensionHostProcess.js:63:2119)
	at y.fire (/usr/lib/code/out/vs/workbench/api/node/extensionHostProcess.js:79:13931)
	at MessagePortMain.<anonymous> (/usr/lib/code/out/vs/workbench/api/node/extensionHostProcess.js:130:28635)
	at MessagePortMain.emit (node:events:513:28)
	at MessagePortMain._internalPort.emit (node:electron/js2c/utility_init:2:367)
2023-08-21 10:48:21.433 [error] [rust-lang.rust] provider FAILED
2023-08-21 10:48:21.434 [error] Error: Language client is not ready yet
	at LanguageClient.sendRequest (/home/sam/.vscode-oss/extensions/rust-lang.rust-0.7.8-universal/node_modules/vscode-languageclient/lib/client.js:1789:19)
	at /home/sam/.vscode-oss/extensions/rust-lang.rust-0.7.8-universal/out/src/providers/signatureHelpProvider.js:35:16
	at new Promise (<anonymous>)
	at SignatureHelpProvider.provideHover (/home/sam/.vscode-oss/extensions/rust-lang.rust-0.7.8-universal/out/src/providers/signatureHelpProvider.js:34:16)
	at SignatureHelpProvider.provideSignatureHelp (/home/sam/.vscode-oss/extensions/rust-lang.rust-0.7.8-universal/out/src/providers/signatureHelpProvider.js:15:25)
	at B.provideSignatureHelp (/usr/lib/code/out/vs/workbench/api/node/extensionHostProcess.js:104:55075)
	at /usr/lib/code/out/vs/workbench/api/node/extensionHostProcess.js:104:72103
	at le.s (/usr/lib/code/out/vs/workbench/api/node/extensionHostProcess.js:104:62744)
	at le.$provideSignatureHelp (/usr/lib/code/out/vs/workbench/api/node/extensionHostProcess.js:104:72090)
	at t.N (/usr/lib/code/out/vs/workbench/api/node/extensionHostProcess.js:114:7983)
	at t.M (/usr/lib/code/out/vs/workbench/api/node/extensionHostProcess.js:114:7749)
	at t.H (/usr/lib/code/out/vs/workbench/api/node/extensionHostProcess.js:114:6791)
	at t.G (/usr/lib/code/out/vs/workbench/api/node/extensionHostProcess.js:114:5906)
	at r.value (/usr/lib/code/out/vs/workbench/api/node/extensionHostProcess.js:114:4736)
	at f.w (/usr/lib/code/out/vs/workbench/api/node/extensionHostProcess.js:63:1902)
	at f.fire (/usr/lib/code/out/vs/workbench/api/node/extensionHostProcess.js:63:2119)
	at y.fire (/usr/lib/code/out/vs/workbench/api/node/extensionHostProcess.js:79:13931)
	at r.value (/usr/lib/code/out/vs/workbench/api/node/extensionHostProcess.js:130:30355)
	at f.w (/usr/lib/code/out/vs/workbench/api/node/extensionHostProcess.js:63:1902)
	at f.fire (/usr/lib/code/out/vs/workbench/api/node/extensionHostProcess.js:63:2119)
	at y.fire (/usr/lib/code/out/vs/workbench/api/node/extensionHostProcess.js:79:13931)
	at MessagePortMain.<anonymous> (/usr/lib/code/out/vs/workbench/api/node/extensionHostProcess.js:130:28635)
	at MessagePortMain.emit (node:events:513:28)
	at MessagePortMain._internalPort.emit (node:electron/js2c/utility_init:2:367)
2023-08-21 10:48:25.266 [error] [rust-lang.rust] provider FAILED
2023-08-21 10:48:25.266 [error] Error: Language client is not ready yet
	at LanguageClient.sendRequest (/home/sam/.vscode-oss/extensions/rust-lang.rust-0.7.8-universal/node_modules/vscode-languageclient/lib/client.js:1789:19)
	at /home/sam/.vscode-oss/extensions/rust-lang.rust-0.7.8-universal/out/src/providers/signatureHelpProvider.js:35:16
	at new Promise (<anonymous>)
	at SignatureHelpProvider.provideHover (/home/sam/.vscode-oss/extensions/rust-lang.rust-0.7.8-universal/out/src/providers/signatureHelpProvider.js:34:16)
	at SignatureHelpProvider.provideSignatureHelp (/home/sam/.vscode-oss/extensions/rust-lang.rust-0.7.8-universal/out/src/providers/signatureHelpProvider.js:20:29)
	at B.provideSignatureHelp (/usr/lib/code/out/vs/workbench/api/node/extensionHostProcess.js:104:55075)
	at /usr/lib/code/out/vs/workbench/api/node/extensionHostProcess.js:104:72103
	at le.s (/usr/lib/code/out/vs/workbench/api/node/extensionHostProcess.js:104:62744)
	at le.$provideSignatureHelp (/usr/lib/code/out/vs/workbench/api/node/extensionHostProcess.js:104:72090)
	at t.N (/usr/lib/code/out/vs/workbench/api/node/extensionHostProcess.js:114:7983)
	at t.M (/usr/lib/code/out/vs/workbench/api/node/extensionHostProcess.js:114:7749)
	at t.H (/usr/lib/code/out/vs/workbench/api/node/extensionHostProcess.js:114:6791)
	at t.G (/usr/lib/code/out/vs/workbench/api/node/extensionHostProcess.js:114:5906)
	at r.value (/usr/lib/code/out/vs/workbench/api/node/extensionHostProcess.js:114:4736)
	at f.w (/usr/lib/code/out/vs/workbench/api/node/extensionHostProcess.js:63:1902)
	at f.fire (/usr/lib/code/out/vs/workbench/api/node/extensionHostProcess.js:63:2119)
	at y.fire (/usr/lib/code/out/vs/workbench/api/node/extensionHostProcess.js:79:13931)
	at r.value (/usr/lib/code/out/vs/workbench/api/node/extensionHostProcess.js:130:30355)
	at f.w (/usr/lib/code/out/vs/workbench/api/node/extensionHostProcess.js:63:1902)
	at f.fire (/usr/lib/code/out/vs/workbench/api/node/extensionHostProcess.js:63:2119)
	at y.fire (/usr/lib/code/out/vs/workbench/api/node/extensionHostProcess.js:79:13931)
	at MessagePortMain.<anonymous> (/usr/lib/code/out/vs/workbench/api/node/extensionHostProcess.js:130:28635)
	at MessagePortMain.emit (node:events:513:28)
	at MessagePortMain._internalPort.emit (node:electron/js2c/utility_init:2:367)
