2023-08-21 10:26:18.088 [info] Added views:workbench.panel.markers.view in workbench.panel.markers
2023-08-21 10:26:18.088 [info] Added views:workbench.panel.output in workbench.panel.output
2023-08-21 10:26:18.088 [info] Added views:terminal in terminal
2023-08-21 10:26:18.088 [info] Added views:outline in workbench.view.explorer
2023-08-21 10:26:18.088 [info] Added views:workbench.scm in workbench.view.scm
2023-08-21 10:26:18.088 [info] Added views:workbench.view.search in workbench.view.search
2023-08-21 10:26:18.088 [info] Added views:timeline in workbench.view.explorer
2023-08-21 10:26:18.088 [info] Added views:workbench.explorer.fileView in workbench.view.explorer
2023-08-21 10:26:18.284 [info] Added views:gitlens.views.home,gitlens.views.workspaces,gitlens.views.account in workbench.view.extension.gitlens
2023-08-21 10:26:18.285 [info] Added views:gitlens.views.commitDetails,gitlens.views.lineHistory,gitlens.views.fileHistory,gitlens.views.searchAndCompare in workbench.view.extension.gitlensInspect
2023-08-21 10:26:18.285 [info] Added views:gitlens.views.commits,gitlens.views.branches,gitlens.views.remotes,gitlens.views.stashes,gitlens.views.tags,gitlens.views.contributors in workbench.view.scm
2023-08-21 10:26:18.286 [info] Added views:pr:github,issues:github in workbench.view.extension.github-pull-requests
2023-08-21 10:26:18.444 [info] Added views:workbench.debug.variablesView,workbench.debug.watchExpressionsView,workbench.debug.callStackView,workbench.debug.breakPointsView in workbench.view.debug
2023-08-21 10:26:18.463 [info] Added views:workbench.panel.repl.view in workbench.panel.repl
2023-08-21 10:26:18.464 [info] Removed views:workbench.debug.breakPointsView,workbench.debug.callStackView,workbench.debug.watchExpressionsView,workbench.debug.variablesView from workbench.view.debug
2023-08-21 10:26:18.465 [info] Added views:workbench.debug.welcome in workbench.view.debug
2023-08-21 10:26:18.843 [info] Added views:test-explorer in workbench.view.extension.test
2023-08-21 10:26:18.977 [info] Removed views:gitlens.views.searchAndCompare,gitlens.views.fileHistory,gitlens.views.lineHistory,gitlens.views.commitDetails from workbench.view.extension.gitlensInspect
2023-08-21 10:26:18.978 [info] Removed views:gitlens.views.contributors,gitlens.views.tags,gitlens.views.stashes,gitlens.views.remotes,gitlens.views.branches,gitlens.views.commits from workbench.view.scm
2023-08-21 10:26:19.177 [info] Added views:gitlens.views.commitDetails,gitlens.views.lineHistory,gitlens.views.fileHistory,gitlens.views.searchAndCompare in workbench.view.extension.gitlensInspect
2023-08-21 10:26:19.178 [info] Added views:gitlens.views.commits,gitlens.views.branches,gitlens.views.remotes,gitlens.views.stashes,gitlens.views.tags,gitlens.views.contributors in workbench.view.scm
2023-08-21 10:26:19.681 [info] Added views:gitlens.views.graph,gitlens.views.graphDetails in workbench.view.extension.gitlensPanel
2023-08-21 10:26:19.682 [info] Added views:gitlens.views.timeline in workbench.view.extension.gitlensInspect
2023-08-21 10:26:19.685 [info] Added views:gitlens.views.worktrees in workbench.view.scm
2023-08-21 10:26:34.576 [info] Added views:rustDependencies in workbench.view.explorer
