2023-08-22 05:00:40.023 [info] Extension host with pid 96601 started
2023-08-22 05:00:40.023 [info] Skipping acquiring lock for /home/sam/.config/Code - OSS/User/workspaceStorage/e4f4a858a3fe1e5114515be9bfd8dc5d.
2023-08-22 05:00:40.068 [info] ExtensionService#_doActivateExtension vscode.git-base, startup: true, activationEvent: '*', root cause: vscode.git
2023-08-22 05:00:40.071 [info] ExtensionService#_doActivateExtension hbenl.test-adapter-converter, startup: true, activationEvent: '*', root cause: hbenl.vscode-test-explorer
2023-08-22 05:00:40.075 [info] ExtensionService#_doActivateExtension mhutchie.git-graph, startup: true, activationEvent: '*'
2023-08-22 05:00:40.094 [info] ExtensionService#_doActivateExtension rust-lang.rust, startup: true, activationEvent: 'workspaceContains:Cargo.toml'
2023-08-22 05:00:40.142 [info] ExtensionService#_doActivateExtension serayuzgur.crates, startup: true, activationEvent: 'workspaceContains:Cargo.toml'
2023-08-22 05:00:40.228 [info] ExtensionService#_doActivateExtension vscode.git, startup: true, activationEvent: '*'
2023-08-22 05:00:40.246 [info] ExtensionService#_doActivateExtension vscode.github, startup: true, activationEvent: '*'
2023-08-22 05:00:40.255 [info] ExtensionService#_doActivateExtension hbenl.vscode-test-explorer, startup: true, activationEvent: '*'
2023-08-22 05:00:40.342 [info] ExtensionService#_doActivateExtension Swellaby.vscode-rust-test-adapter, startup: true, activationEvent: '*'
2023-08-22 05:00:40.342 [error] Activating extension Swellaby.vscode-rust-test-adapter failed due to an error:
2023-08-22 05:00:40.342 [error] Error: Cannot find module '/home/sam/.vscode-oss/extensions/swellaby.vscode-rust-test-adapter-0.11.1-universal/src/main.js'
Require stack:
- /usr/lib/code/out/vs/loader.js
- /usr/lib/code/out/bootstrap-amd.js
- /usr/lib/code/out/bootstrap-fork.js
- 
	at Module._resolveFilename (node:internal/modules/cjs/loader:963:15)
	at o._resolveFilename (node:electron/js2c/utility_init:2:2994)
	at Module._load (node:internal/modules/cjs/loader:811:27)
	at f._load (node:electron/js2c/asar_bundle:2:13330)
	at o._load (/usr/lib/code/out/vs/workbench/api/node/extensionHostProcess.js:130:28084)
	at f._load (/usr/lib/code/out/vs/workbench/api/node/extensionHostProcess.js:130:25418)
	at C._load (/usr/lib/code/out/vs/workbench/api/node/extensionHostProcess.js:94:19511)
	at Module.require (node:internal/modules/cjs/loader:1035:19)
	at require (node:internal/modules/cjs/helpers:102:18)
	at Function.i [as __$__nodeRequire] (/usr/lib/code/out/vs/loader.js:5:98)
	at r.rb (/usr/lib/code/out/vs/workbench/api/node/extensionHostProcess.js:130:26597)
	at async Promise.all (index 0)
2023-08-22 05:00:40.343 [info] Eager extensions activated
2023-08-22 05:00:40.362 [info] ExtensionService#_doActivateExtension vscode.debug-auto-launch, startup: false, activationEvent: 'onStartupFinished'
2023-08-22 05:00:40.364 [info] ExtensionService#_doActivateExtension vscode.merge-conflict, startup: false, activationEvent: 'onStartupFinished'
2023-08-22 05:00:40.370 [info] ExtensionService#_doActivateExtension eamodio.gitlens, startup: false, activationEvent: 'onStartupFinished'
2023-08-22 05:00:40.398 [info] ExtensionService#_doActivateExtension esbenp.prettier-vscode, startup: false, activationEvent: 'onStartupFinished'
2023-08-22 05:00:40.427 [info] ExtensionService#_doActivateExtension vadimcn.vscode-lldb, startup: false, activationEvent: 'onStartupFinished', root cause: franneck94.vscode-c-cpp-config
2023-08-22 05:00:40.434 [info] ExtensionService#_doActivateExtension vscode.github-authentication, startup: false, activationEvent: 'onStartupFinished', root cause: GitHub.vscode-pull-request-github
2023-08-22 05:00:40.446 [info] ExtensionService#_doActivateExtension waderyan.gitblame, startup: false, activationEvent: 'onStartupFinished'
2023-08-22 05:00:40.645 [info] ExtensionService#_doActivateExtension franneck94.vscode-c-cpp-config, startup: false, activationEvent: 'onStartupFinished'
2023-08-22 05:00:40.648 [info] ExtensionService#_doActivateExtension GitHub.vscode-pull-request-github, startup: false, activationEvent: 'onStartupFinished'
2023-08-22 05:00:40.804 [error] Activating extension GitHub.vscode-pull-request-github failed due to an error:
2023-08-22 05:00:40.804 [error] Error: Extension 'GitHub.vscode-pull-request-github' CANNOT use API proposal: readonlyMessage.
Its package.json#enabledApiProposals-property declares:  but NOT readonlyMessage.
 The missing proposal MUST be added and you must start in extension development mode or use the following command line switch: --enable-proposed-api GitHub.vscode-pull-request-github
	at S (/usr/lib/code/out/vs/workbench/api/node/extensionHostProcess.js:100:67708)
	at S.registerFileSystemProvider (/usr/lib/code/out/vs/workbench/api/node/extensionHostProcess.js:104:19680)
	at Object.registerFileSystemProvider (/usr/lib/code/out/vs/workbench/api/node/extensionHostProcess.js:120:37243)
	at k0 (/home/sam/.vscode-oss/extensions/github.vscode-pull-request-github-0.68.0-universal/dist/extension.js:1831:8152)
	at async E0 (/home/sam/.vscode-oss/extensions/github.vscode-pull-request-github-0.68.0-universal/dist/extension.js:1831:5533)
	at async p.n (/usr/lib/code/out/vs/workbench/api/node/extensionHostProcess.js:102:6206)
	at async p.m (/usr/lib/code/out/vs/workbench/api/node/extensionHostProcess.js:102:6169)
	at async p.l (/usr/lib/code/out/vs/workbench/api/node/extensionHostProcess.js:102:5626)
2023-08-22 05:00:42.876 [info] ExtensionService#_doActivateExtension rust-lang.rust-analyzer, startup: false, activationEvent: 'onLanguage:rust'
2023-08-22 05:00:42.910 [info] ExtensionService#_doActivateExtension vscode.emmet, startup: false, activationEvent: 'onLanguage'
2023-08-22 05:02:03.816 [error] [rust-lang.rust] provider FAILED
2023-08-22 05:02:03.816 [error] Error: Language client is not ready yet
	at LanguageClient.sendRequest (/home/sam/.vscode-oss/extensions/rust-lang.rust-0.7.8-universal/node_modules/vscode-languageclient/lib/client.js:1789:19)
	at /home/sam/.vscode-oss/extensions/rust-lang.rust-0.7.8-universal/out/src/providers/signatureHelpProvider.js:35:16
	at new Promise (<anonymous>)
	at SignatureHelpProvider.provideHover (/home/sam/.vscode-oss/extensions/rust-lang.rust-0.7.8-universal/out/src/providers/signatureHelpProvider.js:34:16)
	at SignatureHelpProvider.provideSignatureHelp (/home/sam/.vscode-oss/extensions/rust-lang.rust-0.7.8-universal/out/src/providers/signatureHelpProvider.js:15:25)
	at B.provideSignatureHelp (/usr/lib/code/out/vs/workbench/api/node/extensionHostProcess.js:104:55075)
	at /usr/lib/code/out/vs/workbench/api/node/extensionHostProcess.js:104:72103
	at le.s (/usr/lib/code/out/vs/workbench/api/node/extensionHostProcess.js:104:62744)
	at le.$provideSignatureHelp (/usr/lib/code/out/vs/workbench/api/node/extensionHostProcess.js:104:72090)
	at t.N (/usr/lib/code/out/vs/workbench/api/node/extensionHostProcess.js:114:7983)
	at t.M (/usr/lib/code/out/vs/workbench/api/node/extensionHostProcess.js:114:7749)
	at t.H (/usr/lib/code/out/vs/workbench/api/node/extensionHostProcess.js:114:6791)
	at t.G (/usr/lib/code/out/vs/workbench/api/node/extensionHostProcess.js:114:5906)
	at r.value (/usr/lib/code/out/vs/workbench/api/node/extensionHostProcess.js:114:4736)
	at f.w (/usr/lib/code/out/vs/workbench/api/node/extensionHostProcess.js:63:1902)
	at f.fire (/usr/lib/code/out/vs/workbench/api/node/extensionHostProcess.js:63:2119)
	at y.fire (/usr/lib/code/out/vs/workbench/api/node/extensionHostProcess.js:79:13931)
	at r.value (/usr/lib/code/out/vs/workbench/api/node/extensionHostProcess.js:130:30355)
	at f.w (/usr/lib/code/out/vs/workbench/api/node/extensionHostProcess.js:63:1902)
	at f.fire (/usr/lib/code/out/vs/workbench/api/node/extensionHostProcess.js:63:2119)
	at y.fire (/usr/lib/code/out/vs/workbench/api/node/extensionHostProcess.js:79:13931)
	at MessagePortMain.<anonymous> (/usr/lib/code/out/vs/workbench/api/node/extensionHostProcess.js:130:28635)
	at MessagePortMain.emit (node:events:513:28)
	at MessagePortMain._internalPort.emit (node:electron/js2c/utility_init:2:367)
2023-08-22 08:33:13.334 [error] [rust-lang.rust] provider FAILED
2023-08-22 08:33:13.334 [error] Error: Language client is not ready yet
	at LanguageClient.sendRequest (/home/sam/.vscode-oss/extensions/rust-lang.rust-0.7.8-universal/node_modules/vscode-languageclient/lib/client.js:1789:19)
	at /home/sam/.vscode-oss/extensions/rust-lang.rust-0.7.8-universal/out/src/providers/signatureHelpProvider.js:35:16
	at new Promise (<anonymous>)
	at SignatureHelpProvider.provideHover (/home/sam/.vscode-oss/extensions/rust-lang.rust-0.7.8-universal/out/src/providers/signatureHelpProvider.js:34:16)
	at SignatureHelpProvider.provideSignatureHelp (/home/sam/.vscode-oss/extensions/rust-lang.rust-0.7.8-universal/out/src/providers/signatureHelpProvider.js:15:25)
	at B.provideSignatureHelp (/usr/lib/code/out/vs/workbench/api/node/extensionHostProcess.js:104:55075)
	at /usr/lib/code/out/vs/workbench/api/node/extensionHostProcess.js:104:72103
	at le.s (/usr/lib/code/out/vs/workbench/api/node/extensionHostProcess.js:104:62744)
	at le.$provideSignatureHelp (/usr/lib/code/out/vs/workbench/api/node/extensionHostProcess.js:104:72090)
	at t.N (/usr/lib/code/out/vs/workbench/api/node/extensionHostProcess.js:114:7983)
	at t.M (/usr/lib/code/out/vs/workbench/api/node/extensionHostProcess.js:114:7749)
	at t.H (/usr/lib/code/out/vs/workbench/api/node/extensionHostProcess.js:114:6791)
	at t.G (/usr/lib/code/out/vs/workbench/api/node/extensionHostProcess.js:114:5906)
	at r.value (/usr/lib/code/out/vs/workbench/api/node/extensionHostProcess.js:114:4736)
	at f.w (/usr/lib/code/out/vs/workbench/api/node/extensionHostProcess.js:63:1902)
	at f.fire (/usr/lib/code/out/vs/workbench/api/node/extensionHostProcess.js:63:2119)
	at y.fire (/usr/lib/code/out/vs/workbench/api/node/extensionHostProcess.js:79:13931)
	at r.value (/usr/lib/code/out/vs/workbench/api/node/extensionHostProcess.js:130:30355)
	at f.w (/usr/lib/code/out/vs/workbench/api/node/extensionHostProcess.js:63:1902)
	at f.fire (/usr/lib/code/out/vs/workbench/api/node/extensionHostProcess.js:63:2119)
	at y.fire (/usr/lib/code/out/vs/workbench/api/node/extensionHostProcess.js:79:13931)
	at MessagePortMain.<anonymous> (/usr/lib/code/out/vs/workbench/api/node/extensionHostProcess.js:130:28635)
	at MessagePortMain.emit (node:events:513:28)
	at MessagePortMain._internalPort.emit (node:electron/js2c/utility_init:2:367)
2023-08-22 08:33:43.859 [error] [rust-lang.rust] provider FAILED
2023-08-22 08:33:43.859 [error] Error: Language client is not ready yet
	at LanguageClient.sendRequest (/home/sam/.vscode-oss/extensions/rust-lang.rust-0.7.8-universal/node_modules/vscode-languageclient/lib/client.js:1789:19)
	at /home/sam/.vscode-oss/extensions/rust-lang.rust-0.7.8-universal/out/src/providers/signatureHelpProvider.js:35:16
	at new Promise (<anonymous>)
	at SignatureHelpProvider.provideHover (/home/sam/.vscode-oss/extensions/rust-lang.rust-0.7.8-universal/out/src/providers/signatureHelpProvider.js:34:16)
	at SignatureHelpProvider.provideSignatureHelp (/home/sam/.vscode-oss/extensions/rust-lang.rust-0.7.8-universal/out/src/providers/signatureHelpProvider.js:15:25)
	at B.provideSignatureHelp (/usr/lib/code/out/vs/workbench/api/node/extensionHostProcess.js:104:55075)
	at /usr/lib/code/out/vs/workbench/api/node/extensionHostProcess.js:104:72103
	at le.s (/usr/lib/code/out/vs/workbench/api/node/extensionHostProcess.js:104:62744)
	at le.$provideSignatureHelp (/usr/lib/code/out/vs/workbench/api/node/extensionHostProcess.js:104:72090)
	at t.N (/usr/lib/code/out/vs/workbench/api/node/extensionHostProcess.js:114:7983)
	at t.M (/usr/lib/code/out/vs/workbench/api/node/extensionHostProcess.js:114:7749)
	at t.H (/usr/lib/code/out/vs/workbench/api/node/extensionHostProcess.js:114:6791)
	at t.G (/usr/lib/code/out/vs/workbench/api/node/extensionHostProcess.js:114:5906)
	at r.value (/usr/lib/code/out/vs/workbench/api/node/extensionHostProcess.js:114:4736)
	at f.w (/usr/lib/code/out/vs/workbench/api/node/extensionHostProcess.js:63:1902)
	at f.fire (/usr/lib/code/out/vs/workbench/api/node/extensionHostProcess.js:63:2119)
	at y.fire (/usr/lib/code/out/vs/workbench/api/node/extensionHostProcess.js:79:13931)
	at r.value (/usr/lib/code/out/vs/workbench/api/node/extensionHostProcess.js:130:30355)
	at f.w (/usr/lib/code/out/vs/workbench/api/node/extensionHostProcess.js:63:1902)
	at f.fire (/usr/lib/code/out/vs/workbench/api/node/extensionHostProcess.js:63:2119)
	at y.fire (/usr/lib/code/out/vs/workbench/api/node/extensionHostProcess.js:79:13931)
	at MessagePortMain.<anonymous> (/usr/lib/code/out/vs/workbench/api/node/extensionHostProcess.js:130:28635)
	at MessagePortMain.emit (node:events:513:28)
	at MessagePortMain._internalPort.emit (node:electron/js2c/utility_init:2:367)
2023-08-22 08:37:23.137 [error] [rust-lang.rust] provider FAILED
2023-08-22 08:37:23.137 [error] Error: Language client is not ready yet
	at LanguageClient.sendRequest (/home/sam/.vscode-oss/extensions/rust-lang.rust-0.7.8-universal/node_modules/vscode-languageclient/lib/client.js:1789:19)
	at /home/sam/.vscode-oss/extensions/rust-lang.rust-0.7.8-universal/out/src/providers/signatureHelpProvider.js:35:16
	at new Promise (<anonymous>)
	at SignatureHelpProvider.provideHover (/home/sam/.vscode-oss/extensions/rust-lang.rust-0.7.8-universal/out/src/providers/signatureHelpProvider.js:34:16)
	at SignatureHelpProvider.provideSignatureHelp (/home/sam/.vscode-oss/extensions/rust-lang.rust-0.7.8-universal/out/src/providers/signatureHelpProvider.js:15:25)
	at B.provideSignatureHelp (/usr/lib/code/out/vs/workbench/api/node/extensionHostProcess.js:104:55075)
	at /usr/lib/code/out/vs/workbench/api/node/extensionHostProcess.js:104:72103
	at le.s (/usr/lib/code/out/vs/workbench/api/node/extensionHostProcess.js:104:62744)
	at le.$provideSignatureHelp (/usr/lib/code/out/vs/workbench/api/node/extensionHostProcess.js:104:72090)
	at t.N (/usr/lib/code/out/vs/workbench/api/node/extensionHostProcess.js:114:7983)
	at t.M (/usr/lib/code/out/vs/workbench/api/node/extensionHostProcess.js:114:7749)
	at t.H (/usr/lib/code/out/vs/workbench/api/node/extensionHostProcess.js:114:6791)
	at t.G (/usr/lib/code/out/vs/workbench/api/node/extensionHostProcess.js:114:5906)
	at r.value (/usr/lib/code/out/vs/workbench/api/node/extensionHostProcess.js:114:4736)
	at f.w (/usr/lib/code/out/vs/workbench/api/node/extensionHostProcess.js:63:1902)
	at f.fire (/usr/lib/code/out/vs/workbench/api/node/extensionHostProcess.js:63:2119)
	at y.fire (/usr/lib/code/out/vs/workbench/api/node/extensionHostProcess.js:79:13931)
	at r.value (/usr/lib/code/out/vs/workbench/api/node/extensionHostProcess.js:130:30355)
	at f.w (/usr/lib/code/out/vs/workbench/api/node/extensionHostProcess.js:63:1902)
	at f.fire (/usr/lib/code/out/vs/workbench/api/node/extensionHostProcess.js:63:2119)
	at y.fire (/usr/lib/code/out/vs/workbench/api/node/extensionHostProcess.js:79:13931)
	at MessagePortMain.<anonymous> (/usr/lib/code/out/vs/workbench/api/node/extensionHostProcess.js:130:28635)
	at MessagePortMain.emit (node:events:513:28)
	at MessagePortMain._internalPort.emit (node:electron/js2c/utility_init:2:367)
2023-08-22 08:38:16.932 [error] [rust-lang.rust] provider FAILED
2023-08-22 08:38:16.932 [error] Error: Language client is not ready yet
	at LanguageClient.sendRequest (/home/sam/.vscode-oss/extensions/rust-lang.rust-0.7.8-universal/node_modules/vscode-languageclient/lib/client.js:1789:19)
	at /home/sam/.vscode-oss/extensions/rust-lang.rust-0.7.8-universal/out/src/providers/signatureHelpProvider.js:35:16
	at new Promise (<anonymous>)
	at SignatureHelpProvider.provideHover (/home/sam/.vscode-oss/extensions/rust-lang.rust-0.7.8-universal/out/src/providers/signatureHelpProvider.js:34:16)
	at SignatureHelpProvider.provideSignatureHelp (/home/sam/.vscode-oss/extensions/rust-lang.rust-0.7.8-universal/out/src/providers/signatureHelpProvider.js:15:25)
	at B.provideSignatureHelp (/usr/lib/code/out/vs/workbench/api/node/extensionHostProcess.js:104:55075)
	at /usr/lib/code/out/vs/workbench/api/node/extensionHostProcess.js:104:72103
	at le.s (/usr/lib/code/out/vs/workbench/api/node/extensionHostProcess.js:104:62744)
	at le.$provideSignatureHelp (/usr/lib/code/out/vs/workbench/api/node/extensionHostProcess.js:104:72090)
	at t.N (/usr/lib/code/out/vs/workbench/api/node/extensionHostProcess.js:114:7983)
	at t.M (/usr/lib/code/out/vs/workbench/api/node/extensionHostProcess.js:114:7749)
	at t.H (/usr/lib/code/out/vs/workbench/api/node/extensionHostProcess.js:114:6791)
	at t.G (/usr/lib/code/out/vs/workbench/api/node/extensionHostProcess.js:114:5906)
	at r.value (/usr/lib/code/out/vs/workbench/api/node/extensionHostProcess.js:114:4736)
	at f.w (/usr/lib/code/out/vs/workbench/api/node/extensionHostProcess.js:63:1902)
	at f.fire (/usr/lib/code/out/vs/workbench/api/node/extensionHostProcess.js:63:2119)
	at y.fire (/usr/lib/code/out/vs/workbench/api/node/extensionHostProcess.js:79:13931)
	at r.value (/usr/lib/code/out/vs/workbench/api/node/extensionHostProcess.js:130:30355)
	at f.w (/usr/lib/code/out/vs/workbench/api/node/extensionHostProcess.js:63:1902)
	at f.fire (/usr/lib/code/out/vs/workbench/api/node/extensionHostProcess.js:63:2119)
	at y.fire (/usr/lib/code/out/vs/workbench/api/node/extensionHostProcess.js:79:13931)
	at MessagePortMain.<anonymous> (/usr/lib/code/out/vs/workbench/api/node/extensionHostProcess.js:130:28635)
	at MessagePortMain.emit (node:events:513:28)
	at MessagePortMain._internalPort.emit (node:electron/js2c/utility_init:2:367)
2023-08-22 08:38:39.286 [error] Error: Cargo invocation has failed: Error: exit code: 101.
	at n.getArtifacts (/home/sam/.vscode-oss/extensions/rust-lang.rust-analyzer-0.3.1623-linux-x64/out/main.js:70:1765)
	at process.processTicksAndRejections (node:internal/process/task_queues:96:5)
	at async n.executableFromArgs (/home/sam/.vscode-oss/extensions/rust-lang.rust-analyzer-0.3.1623-linux-x64/out/main.js:70:1895)
	at async $S (/home/sam/.vscode-oss/extensions/rust-lang.rust-analyzer-0.3.1623-linux-x64/out/main.js:70:7165)
	at async zv (/home/sam/.vscode-oss/extensions/rust-lang.rust-analyzer-0.3.1623-linux-x64/out/main.js:70:6777)
	at async vf (/home/sam/.vscode-oss/extensions/rust-lang.rust-analyzer-0.3.1623-linux-x64/out/main.js:70:5667)
	at async /home/sam/.vscode-oss/extensions/rust-lang.rust-analyzer-0.3.1623-linux-x64/out/main.js:117:4211
	at async a.h (/usr/lib/code/out/vs/workbench/api/node/extensionHostProcess.js:102:77769)
	at async a.h (/usr/lib/code/out/vs/workbench/api/node/extensionHostProcess.js:102:77769) rust-analyzer.debugSingle {"value":"rust-lang.rust-analyzer","_lower":"rust-lang.rust-analyzer"}
2023-08-22 08:38:39.286 [error] Error: Cargo invocation has failed: Error: exit code: 101.
	at n.getArtifacts (/home/sam/.vscode-oss/extensions/rust-lang.rust-analyzer-0.3.1623-linux-x64/out/main.js:70:1765)
	at process.processTicksAndRejections (node:internal/process/task_queues:96:5)
	at async n.executableFromArgs (/home/sam/.vscode-oss/extensions/rust-lang.rust-analyzer-0.3.1623-linux-x64/out/main.js:70:1895)
	at async $S (/home/sam/.vscode-oss/extensions/rust-lang.rust-analyzer-0.3.1623-linux-x64/out/main.js:70:7165)
	at async zv (/home/sam/.vscode-oss/extensions/rust-lang.rust-analyzer-0.3.1623-linux-x64/out/main.js:70:6777)
	at async vf (/home/sam/.vscode-oss/extensions/rust-lang.rust-analyzer-0.3.1623-linux-x64/out/main.js:70:5667)
	at async /home/sam/.vscode-oss/extensions/rust-lang.rust-analyzer-0.3.1623-linux-x64/out/main.js:117:4211
	at async a.h (/usr/lib/code/out/vs/workbench/api/node/extensionHostProcess.js:102:77769)
	at async a.h (/usr/lib/code/out/vs/workbench/api/node/extensionHostProcess.js:102:77769) rust-analyzer.debugSingle undefined
2023-08-22 08:39:11.806 [error] [rust-lang.rust] provider FAILED
2023-08-22 08:39:11.806 [error] Error: Language client is not ready yet
	at LanguageClient.sendRequest (/home/sam/.vscode-oss/extensions/rust-lang.rust-0.7.8-universal/node_modules/vscode-languageclient/lib/client.js:1789:19)
	at /home/sam/.vscode-oss/extensions/rust-lang.rust-0.7.8-universal/out/src/providers/signatureHelpProvider.js:35:16
	at new Promise (<anonymous>)
	at SignatureHelpProvider.provideHover (/home/sam/.vscode-oss/extensions/rust-lang.rust-0.7.8-universal/out/src/providers/signatureHelpProvider.js:34:16)
	at SignatureHelpProvider.provideSignatureHelp (/home/sam/.vscode-oss/extensions/rust-lang.rust-0.7.8-universal/out/src/providers/signatureHelpProvider.js:15:25)
	at B.provideSignatureHelp (/usr/lib/code/out/vs/workbench/api/node/extensionHostProcess.js:104:55075)
	at /usr/lib/code/out/vs/workbench/api/node/extensionHostProcess.js:104:72103
	at le.s (/usr/lib/code/out/vs/workbench/api/node/extensionHostProcess.js:104:62744)
	at le.$provideSignatureHelp (/usr/lib/code/out/vs/workbench/api/node/extensionHostProcess.js:104:72090)
	at t.N (/usr/lib/code/out/vs/workbench/api/node/extensionHostProcess.js:114:7983)
	at t.M (/usr/lib/code/out/vs/workbench/api/node/extensionHostProcess.js:114:7749)
	at t.H (/usr/lib/code/out/vs/workbench/api/node/extensionHostProcess.js:114:6791)
	at t.G (/usr/lib/code/out/vs/workbench/api/node/extensionHostProcess.js:114:5906)
	at r.value (/usr/lib/code/out/vs/workbench/api/node/extensionHostProcess.js:114:4736)
	at f.w (/usr/lib/code/out/vs/workbench/api/node/extensionHostProcess.js:63:1902)
	at f.fire (/usr/lib/code/out/vs/workbench/api/node/extensionHostProcess.js:63:2119)
	at y.fire (/usr/lib/code/out/vs/workbench/api/node/extensionHostProcess.js:79:13931)
	at r.value (/usr/lib/code/out/vs/workbench/api/node/extensionHostProcess.js:130:30355)
	at f.w (/usr/lib/code/out/vs/workbench/api/node/extensionHostProcess.js:63:1902)
	at f.fire (/usr/lib/code/out/vs/workbench/api/node/extensionHostProcess.js:63:2119)
	at y.fire (/usr/lib/code/out/vs/workbench/api/node/extensionHostProcess.js:79:13931)
	at MessagePortMain.<anonymous> (/usr/lib/code/out/vs/workbench/api/node/extensionHostProcess.js:130:28635)
	at MessagePortMain.emit (node:events:513:28)
	at MessagePortMain._internalPort.emit (node:electron/js2c/utility_init:2:367)
2023-08-22 08:39:18.998 [error] [rust-lang.rust] provider FAILED
2023-08-22 08:39:18.998 [error] Error: Language client is not ready yet
	at LanguageClient.sendRequest (/home/sam/.vscode-oss/extensions/rust-lang.rust-0.7.8-universal/node_modules/vscode-languageclient/lib/client.js:1789:19)
	at /home/sam/.vscode-oss/extensions/rust-lang.rust-0.7.8-universal/out/src/providers/signatureHelpProvider.js:35:16
	at new Promise (<anonymous>)
	at SignatureHelpProvider.provideHover (/home/sam/.vscode-oss/extensions/rust-lang.rust-0.7.8-universal/out/src/providers/signatureHelpProvider.js:34:16)
	at SignatureHelpProvider.provideSignatureHelp (/home/sam/.vscode-oss/extensions/rust-lang.rust-0.7.8-universal/out/src/providers/signatureHelpProvider.js:15:25)
	at B.provideSignatureHelp (/usr/lib/code/out/vs/workbench/api/node/extensionHostProcess.js:104:55075)
	at /usr/lib/code/out/vs/workbench/api/node/extensionHostProcess.js:104:72103
	at le.s (/usr/lib/code/out/vs/workbench/api/node/extensionHostProcess.js:104:62744)
	at le.$provideSignatureHelp (/usr/lib/code/out/vs/workbench/api/node/extensionHostProcess.js:104:72090)
	at t.N (/usr/lib/code/out/vs/workbench/api/node/extensionHostProcess.js:114:7983)
	at t.M (/usr/lib/code/out/vs/workbench/api/node/extensionHostProcess.js:114:7749)
	at t.H (/usr/lib/code/out/vs/workbench/api/node/extensionHostProcess.js:114:6791)
	at t.G (/usr/lib/code/out/vs/workbench/api/node/extensionHostProcess.js:114:5906)
	at r.value (/usr/lib/code/out/vs/workbench/api/node/extensionHostProcess.js:114:4736)
	at f.w (/usr/lib/code/out/vs/workbench/api/node/extensionHostProcess.js:63:1902)
	at f.fire (/usr/lib/code/out/vs/workbench/api/node/extensionHostProcess.js:63:2119)
	at y.fire (/usr/lib/code/out/vs/workbench/api/node/extensionHostProcess.js:79:13931)
	at r.value (/usr/lib/code/out/vs/workbench/api/node/extensionHostProcess.js:130:30355)
	at f.w (/usr/lib/code/out/vs/workbench/api/node/extensionHostProcess.js:63:1902)
	at f.fire (/usr/lib/code/out/vs/workbench/api/node/extensionHostProcess.js:63:2119)
	at y.fire (/usr/lib/code/out/vs/workbench/api/node/extensionHostProcess.js:79:13931)
	at MessagePortMain.<anonymous> (/usr/lib/code/out/vs/workbench/api/node/extensionHostProcess.js:130:28635)
	at MessagePortMain.emit (node:events:513:28)
	at MessagePortMain._internalPort.emit (node:electron/js2c/utility_init:2:367)
2023-08-22 08:58:25.093 [info] ExtensionService#_doActivateExtension vscode.extension-editing, startup: false, activationEvent: 'onLanguage:markdown'
2023-08-22 08:58:25.097 [info] ExtensionService#_doActivateExtension vscode.markdown-language-features, startup: false, activationEvent: 'onLanguage:markdown'
2023-08-22 08:58:25.430 [info] ExtensionService#_doActivateExtension vscode.markdown-math, startup: false, activationEvent: 'api', root cause: vscode.markdown-language-features
