2023-08-22 03:50:41.010 [info] Extension host with pid 88787 started
2023-08-22 03:50:41.010 [info] Skipping acquiring lock for /home/sam/.config/Code - OSS/User/workspaceStorage/44587bd0f72a77bff5b2271956eed4ca.
2023-08-22 03:50:41.100 [info] ExtensionService#_doActivateExtension vscode.emmet, startup: false, activationEvent: 'onLanguage'
2023-08-22 03:50:41.108 [info] ExtensionService#_doActivateExtension rust-lang.rust, startup: false, activationEvent: 'onLanguage:rust'
2023-08-22 03:50:41.159 [info] ExtensionService#_doActivateExtension rust-lang.rust-analyzer, startup: false, activationEvent: 'onLanguage:rust'
2023-08-22 03:50:41.538 [info] ExtensionService#_doActivateExtension vscode.git-base, startup: true, activationEvent: '*', root cause: vscode.git
2023-08-22 03:50:41.541 [info] ExtensionService#_doActivateExtension hbenl.test-adapter-converter, startup: true, activationEvent: '*', root cause: hbenl.vscode-test-explorer
2023-08-22 03:50:41.543 [info] ExtensionService#_doActivateExtension mhutchie.git-graph, startup: true, activationEvent: '*'
2023-08-22 03:50:41.561 [info] ExtensionService#_doActivateExtension serayuzgur.crates, startup: true, activationEvent: 'workspaceContains:Cargo.toml'
2023-08-22 03:50:41.628 [info] ExtensionService#_doActivateExtension vscode.git, startup: true, activationEvent: '*'
2023-08-22 03:50:41.649 [info] ExtensionService#_doActivateExtension vscode.github, startup: true, activationEvent: '*'
2023-08-22 03:50:41.657 [info] ExtensionService#_doActivateExtension hbenl.vscode-test-explorer, startup: true, activationEvent: '*'
2023-08-22 03:50:41.741 [info] ExtensionService#_doActivateExtension Swellaby.vscode-rust-test-adapter, startup: true, activationEvent: '*'
2023-08-22 03:50:41.741 [error] Activating extension Swellaby.vscode-rust-test-adapter failed due to an error:
2023-08-22 03:50:41.741 [error] Error: Cannot find module '/home/sam/.vscode-oss/extensions/swellaby.vscode-rust-test-adapter-0.11.1-universal/src/main.js'
Require stack:
- /usr/lib/code/out/vs/loader.js
- /usr/lib/code/out/bootstrap-amd.js
- /usr/lib/code/out/bootstrap-fork.js
- 
	at Module._resolveFilename (node:internal/modules/cjs/loader:963:15)
	at o._resolveFilename (node:electron/js2c/utility_init:2:2994)
	at Module._load (node:internal/modules/cjs/loader:811:27)
	at f._load (node:electron/js2c/asar_bundle:2:13330)
	at o._load (/usr/lib/code/out/vs/workbench/api/node/extensionHostProcess.js:130:28084)
	at f._load (/usr/lib/code/out/vs/workbench/api/node/extensionHostProcess.js:130:25418)
	at C._load (/usr/lib/code/out/vs/workbench/api/node/extensionHostProcess.js:94:19511)
	at Module.require (node:internal/modules/cjs/loader:1035:19)
	at require (node:internal/modules/cjs/helpers:102:18)
	at Function.i [as __$__nodeRequire] (/usr/lib/code/out/vs/loader.js:5:98)
	at r.rb (/usr/lib/code/out/vs/workbench/api/node/extensionHostProcess.js:130:26597)
	at async Promise.all (index 0)
2023-08-22 03:50:41.742 [info] Eager extensions activated
2023-08-22 03:50:41.783 [info] ExtensionService#_doActivateExtension vscode.debug-auto-launch, startup: false, activationEvent: 'onStartupFinished'
2023-08-22 03:50:41.785 [info] ExtensionService#_doActivateExtension vscode.merge-conflict, startup: false, activationEvent: 'onStartupFinished'
2023-08-22 03:50:41.792 [info] ExtensionService#_doActivateExtension eamodio.gitlens, startup: false, activationEvent: 'onStartupFinished'
2023-08-22 03:50:41.830 [info] ExtensionService#_doActivateExtension esbenp.prettier-vscode, startup: false, activationEvent: 'onStartupFinished'
2023-08-22 03:50:41.862 [info] ExtensionService#_doActivateExtension vadimcn.vscode-lldb, startup: false, activationEvent: 'onStartupFinished', root cause: franneck94.vscode-c-cpp-config
2023-08-22 03:50:41.867 [info] ExtensionService#_doActivateExtension vscode.github-authentication, startup: false, activationEvent: 'onStartupFinished', root cause: GitHub.vscode-pull-request-github
2023-08-22 03:50:41.880 [info] ExtensionService#_doActivateExtension waderyan.gitblame, startup: false, activationEvent: 'onStartupFinished'
2023-08-22 03:50:42.065 [info] ExtensionService#_doActivateExtension franneck94.vscode-c-cpp-config, startup: false, activationEvent: 'onStartupFinished'
2023-08-22 03:50:42.067 [info] ExtensionService#_doActivateExtension GitHub.vscode-pull-request-github, startup: false, activationEvent: 'onStartupFinished'
2023-08-22 03:50:42.322 [error] Activating extension GitHub.vscode-pull-request-github failed due to an error:
2023-08-22 03:50:42.322 [error] Error: Extension 'GitHub.vscode-pull-request-github' CANNOT use API proposal: readonlyMessage.
Its package.json#enabledApiProposals-property declares:  but NOT readonlyMessage.
 The missing proposal MUST be added and you must start in extension development mode or use the following command line switch: --enable-proposed-api GitHub.vscode-pull-request-github
	at S (/usr/lib/code/out/vs/workbench/api/node/extensionHostProcess.js:100:67708)
	at S.registerFileSystemProvider (/usr/lib/code/out/vs/workbench/api/node/extensionHostProcess.js:104:19680)
	at Object.registerFileSystemProvider (/usr/lib/code/out/vs/workbench/api/node/extensionHostProcess.js:120:37243)
	at k0 (/home/sam/.vscode-oss/extensions/github.vscode-pull-request-github-0.68.0-universal/dist/extension.js:1831:8152)
	at async E0 (/home/sam/.vscode-oss/extensions/github.vscode-pull-request-github-0.68.0-universal/dist/extension.js:1831:5533)
	at async p.n (/usr/lib/code/out/vs/workbench/api/node/extensionHostProcess.js:102:6206)
	at async p.m (/usr/lib/code/out/vs/workbench/api/node/extensionHostProcess.js:102:6169)
	at async p.l (/usr/lib/code/out/vs/workbench/api/node/extensionHostProcess.js:102:5626)
