2023-08-22 03:50:40.675 [error] Extension 'github.vscode-pull-request-github' wants API proposal 'quickPickItemIcon' but that proposal DOES NOT EXIST. Likely, the proposal has been finalized (check 'vscode.d.ts') or was abandoned.
2023-08-22 03:50:40.675 [error] Extension 'GitHub.vscode-pull-request-github CANNOT USE these API proposals 'tokenInformation, contribShareMenu, fileComments, contribCommentPeekContext, contribCommentThreadAdditionalMenu, codiconDecoration, diffCommand, contribCommentEditorActionsMenu, shareProvider, quickDiffProvider, readonlyMessage'. You MUST start in extension development mode or use the --enable-proposed-api command line flag
2023-08-22 03:50:40.675 [error] Extension 'ms-python.python CANNOT USE these API proposals 'contribEditorContentMenu, quickPickSortByLabel, envShellEvent, testObserver, quickPickItemTooltip, envCollectionWorkspace, saveEditor, envCollectionOptions'. You MUST start in extension development mode or use the --enable-proposed-api command line flag
2023-08-22 03:50:40.749 [error] [GitHub.vscode-pull-request-github]: comments/comment/editorActions is a proposed menu identifier. It requires 'package.json#enabledApiProposals: ["contribCommentEditorActionsMenu"]' and is only available when running out of dev or with the following command line switch: --enable-proposed-api GitHub.vscode-pull-request-github
2023-08-22 03:50:40.750 [error] [GitHub.vscode-pull-request-github]: comments/commentThread/additionalActions is a proposed menu identifier. It requires 'package.json#enabledApiProposals: ["contribCommentThreadAdditionalMenu"]' and is only available when running out of dev or with the following command line switch: --enable-proposed-api GitHub.vscode-pull-request-github
2023-08-22 03:50:40.750 [error] [GitHub.vscode-pull-request-github]: comments/commentThread/title/context is a proposed menu identifier. It requires 'package.json#enabledApiProposals: ["contribCommentPeekContext"]' and is only available when running out of dev or with the following command line switch: --enable-proposed-api GitHub.vscode-pull-request-github
2023-08-22 03:50:40.750 [error] [GitHub.vscode-pull-request-github]: comments/commentThread/comment/context is a proposed menu identifier. It requires 'package.json#enabledApiProposals: ["contribCommentPeekContext"]' and is only available when running out of dev or with the following command line switch: --enable-proposed-api GitHub.vscode-pull-request-github
2023-08-22 03:50:40.754 [error] [GitHub.vscode-pull-request-github]: editor/context/share is a proposed menu identifier. It requires 'package.json#enabledApiProposals: ["contribShareMenu"]' and is only available when running out of dev or with the following command line switch: --enable-proposed-api GitHub.vscode-pull-request-github
2023-08-22 03:50:40.754 [error] [GitHub.vscode-pull-request-github]: file/share is a proposed menu identifier. It requires 'package.json#enabledApiProposals: ["contribShareMenu"]' and is only available when running out of dev or with the following command line switch: --enable-proposed-api GitHub.vscode-pull-request-github
2023-08-22 03:50:40.754 [error] [GitHub.vscode-pull-request-github]: editor/title/context/share is a proposed menu identifier. It requires 'package.json#enabledApiProposals: ["contribShareMenu"]' and is only available when running out of dev or with the following command line switch: --enable-proposed-api GitHub.vscode-pull-request-github
2023-08-22 03:50:40.754 [error] [GitHub.vscode-pull-request-github]: explorer/context/share is a proposed menu identifier. It requires 'package.json#enabledApiProposals: ["contribShareMenu"]' and is only available when running out of dev or with the following command line switch: --enable-proposed-api GitHub.vscode-pull-request-github
2023-08-22 03:50:40.755 [error] [ms-python.python]: editor/content is a proposed menu identifier. It requires 'package.json#enabledApiProposals: ["contribEditorContentMenu"]' and is only available when running out of dev or with the following command line switch: --enable-proposed-api ms-python.python
2023-08-22 03:50:41.244 [error] [idleberg.icon-fonts]: Unknown language in `contributes.icon-fonts.language`. Provided value: blade
2023-08-22 03:50:41.244 [error] [idleberg.icon-fonts]: Unknown language in `contributes.icon-fonts.language`. Provided value: blade
2023-08-22 03:50:41.244 [error] [idleberg.icon-fonts]: Unknown language in `contributes.icon-fonts.language`. Provided value: blade
2023-08-22 03:50:41.244 [error] [idleberg.icon-fonts]: Unknown language in `contributes.icon-fonts.language`. Provided value: blade
2023-08-22 03:50:41.244 [error] [idleberg.icon-fonts]: Unknown language in `contributes.icon-fonts.language`. Provided value: blade
2023-08-22 03:50:41.244 [error] [idleberg.icon-fonts]: Unknown language in `contributes.icon-fonts.language`. Provided value: blade
2023-08-22 03:50:41.245 [error] [idleberg.icon-fonts]: Unknown language in `contributes.icon-fonts.language`. Provided value: blade
2023-08-22 03:50:41.245 [error] [idleberg.icon-fonts]: Unknown language in `contributes.icon-fonts.language`. Provided value: blade
2023-08-22 03:50:41.245 [error] [idleberg.icon-fonts]: Unknown language in `contributes.icon-fonts.language`. Provided value: blade
2023-08-22 03:50:41.245 [error] [idleberg.icon-fonts]: Unknown language in `contributes.icon-fonts.language`. Provided value: blade
2023-08-22 03:50:41.245 [error] [idleberg.icon-fonts]: Unknown language in `contributes.icon-fonts.language`. Provided value: blade
2023-08-22 03:50:41.245 [error] [idleberg.icon-fonts]: Unknown language in `contributes.icon-fonts.language`. Provided value: blade
2023-08-22 03:50:41.246 [error] [idleberg.icon-fonts]: Unknown language in `contributes.icon-fonts.language`. Provided value: blade
2023-08-22 03:50:41.246 [error] [idleberg.icon-fonts]: Unknown language in `contributes.icon-fonts.language`. Provided value: blade
2023-08-22 03:50:41.246 [error] [idleberg.icon-fonts]: Unknown language in `contributes.icon-fonts.language`. Provided value: blade
2023-08-22 03:50:41.246 [error] [idleberg.icon-fonts]: Unknown language in `contributes.icon-fonts.language`. Provided value: blade
2023-08-22 03:50:41.246 [error] [idleberg.icon-fonts]: Unknown language in `contributes.icon-fonts.language`. Provided value: blade
2023-08-22 03:50:41.246 [error] [idleberg.icon-fonts]: Unknown language in `contributes.icon-fonts.language`. Provided value: blade
2023-08-22 03:50:41.246 [error] [idleberg.icon-fonts]: Unknown language in `contributes.icon-fonts.language`. Provided value: blade
2023-08-22 03:50:41.247 [error] [idleberg.icon-fonts]: Unknown language in `contributes.icon-fonts.language`. Provided value: blade
2023-08-22 03:50:41.247 [error] [idleberg.icon-fonts]: Unknown language in `contributes.icon-fonts.language`. Provided value: blade
2023-08-22 03:50:41.247 [error] [idleberg.icon-fonts]: Unknown language in `contributes.icon-fonts.language`. Provided value: blade
2023-08-22 03:50:41.247 [error] [idleberg.icon-fonts]: Unknown language in `contributes.icon-fonts.language`. Provided value: blade
2023-08-22 03:50:41.247 [error] [idleberg.icon-fonts]: Unknown language in `contributes.icon-fonts.language`. Provided value: blade
2023-08-22 03:50:41.247 [error] [idleberg.icon-fonts]: Unknown language in `contributes.icon-fonts.language`. Provided value: blade
2023-08-22 03:50:41.247 [error] [idleberg.icon-fonts]: Unknown language in `contributes.icon-fonts.language`. Provided value: blade
2023-08-22 03:50:41.247 [error] [idleberg.icon-fonts]: Unknown language in `contributes.icon-fonts.language`. Provided value: blade
2023-08-22 03:50:41.248 [error] [idleberg.icon-fonts]: Unknown language in `contributes.icon-fonts.language`. Provided value: vue-html
2023-08-22 03:50:41.248 [error] [idleberg.icon-fonts]: Unknown language in `contributes.icon-fonts.language`. Provided value: vue-html
2023-08-22 03:50:41.248 [error] [idleberg.icon-fonts]: Unknown language in `contributes.icon-fonts.language`. Provided value: vue-html
2023-08-22 03:50:41.248 [error] [idleberg.icon-fonts]: Unknown language in `contributes.icon-fonts.language`. Provided value: vue-html
2023-08-22 03:50:41.248 [error] [idleberg.icon-fonts]: Unknown language in `contributes.icon-fonts.language`. Provided value: vue-html
2023-08-22 03:50:41.248 [error] [idleberg.icon-fonts]: Unknown language in `contributes.icon-fonts.language`. Provided value: vue-html
2023-08-22 03:50:41.248 [error] [idleberg.icon-fonts]: Unknown language in `contributes.icon-fonts.language`. Provided value: vue-html
2023-08-22 03:50:41.248 [error] [idleberg.icon-fonts]: Unknown language in `contributes.icon-fonts.language`. Provided value: vue-html
2023-08-22 03:50:41.249 [error] [idleberg.icon-fonts]: Unknown language in `contributes.icon-fonts.language`. Provided value: vue-html
2023-08-22 03:50:41.249 [error] [idleberg.icon-fonts]: Unknown language in `contributes.icon-fonts.language`. Provided value: vue-html
2023-08-22 03:50:41.249 [error] [idleberg.icon-fonts]: Unknown language in `contributes.icon-fonts.language`. Provided value: vue-html
2023-08-22 03:50:41.249 [error] [idleberg.icon-fonts]: Unknown language in `contributes.icon-fonts.language`. Provided value: vue-html
2023-08-22 03:50:41.249 [error] [idleberg.icon-fonts]: Unknown language in `contributes.icon-fonts.language`. Provided value: vue-html
2023-08-22 03:50:41.249 [error] [idleberg.icon-fonts]: Unknown language in `contributes.icon-fonts.language`. Provided value: vue-html
2023-08-22 03:50:41.250 [error] [idleberg.icon-fonts]: Unknown language in `contributes.icon-fonts.language`. Provided value: vue-html
2023-08-22 03:50:41.250 [error] [idleberg.icon-fonts]: Unknown language in `contributes.icon-fonts.language`. Provided value: vue-html
2023-08-22 03:50:41.250 [error] [idleberg.icon-fonts]: Unknown language in `contributes.icon-fonts.language`. Provided value: vue-html
2023-08-22 03:50:41.250 [error] [idleberg.icon-fonts]: Unknown language in `contributes.icon-fonts.language`. Provided value: vue-html
2023-08-22 03:50:41.250 [error] [idleberg.icon-fonts]: Unknown language in `contributes.icon-fonts.language`. Provided value: vue-html
2023-08-22 03:50:41.250 [error] [idleberg.icon-fonts]: Unknown language in `contributes.icon-fonts.language`. Provided value: vue-html
2023-08-22 03:50:41.250 [error] [idleberg.icon-fonts]: Unknown language in `contributes.icon-fonts.language`. Provided value: vue-html
2023-08-22 03:50:41.251 [error] [idleberg.icon-fonts]: Unknown language in `contributes.icon-fonts.language`. Provided value: vue-html
2023-08-22 03:50:41.251 [error] [idleberg.icon-fonts]: Unknown language in `contributes.icon-fonts.language`. Provided value: vue-html
2023-08-22 03:50:41.251 [error] [idleberg.icon-fonts]: Unknown language in `contributes.icon-fonts.language`. Provided value: vue-html
2023-08-22 03:50:41.251 [error] [idleberg.icon-fonts]: Unknown language in `contributes.icon-fonts.language`. Provided value: vue-html
2023-08-22 03:50:41.251 [error] [idleberg.icon-fonts]: Unknown language in `contributes.icon-fonts.language`. Provided value: vue-html
2023-08-22 03:50:41.251 [error] [idleberg.icon-fonts]: Unknown language in `contributes.icon-fonts.language`. Provided value: vue-html
2023-08-22 03:50:41.252 [error] [idleberg.icon-fonts]: Unknown language in `contributes.icon-fonts.language`. Provided value: svelte
2023-08-22 03:50:41.252 [error] [idleberg.icon-fonts]: Unknown language in `contributes.icon-fonts.language`. Provided value: svelte
2023-08-22 03:50:41.252 [error] [idleberg.icon-fonts]: Unknown language in `contributes.icon-fonts.language`. Provided value: svelte
2023-08-22 03:50:41.252 [error] [idleberg.icon-fonts]: Unknown language in `contributes.icon-fonts.language`. Provided value: svelte
2023-08-22 03:50:41.252 [error] [idleberg.icon-fonts]: Unknown language in `contributes.icon-fonts.language`. Provided value: svelte
2023-08-22 03:50:41.252 [error] [idleberg.icon-fonts]: Unknown language in `contributes.icon-fonts.language`. Provided value: svelte
2023-08-22 03:50:41.253 [error] [idleberg.icon-fonts]: Unknown language in `contributes.icon-fonts.language`. Provided value: svelte
2023-08-22 03:50:41.253 [error] [idleberg.icon-fonts]: Unknown language in `contributes.icon-fonts.language`. Provided value: svelte
2023-08-22 03:50:41.253 [error] [idleberg.icon-fonts]: Unknown language in `contributes.icon-fonts.language`. Provided value: svelte
2023-08-22 03:50:41.253 [error] [idleberg.icon-fonts]: Unknown language in `contributes.icon-fonts.language`. Provided value: svelte
2023-08-22 03:50:41.253 [error] [idleberg.icon-fonts]: Unknown language in `contributes.icon-fonts.language`. Provided value: svelte
2023-08-22 03:50:41.253 [error] [idleberg.icon-fonts]: Unknown language in `contributes.icon-fonts.language`. Provided value: svelte
2023-08-22 03:50:41.254 [error] [idleberg.icon-fonts]: Unknown language in `contributes.icon-fonts.language`. Provided value: svelte
2023-08-22 03:50:41.254 [error] [idleberg.icon-fonts]: Unknown language in `contributes.icon-fonts.language`. Provided value: svelte
2023-08-22 03:50:41.254 [error] [idleberg.icon-fonts]: Unknown language in `contributes.icon-fonts.language`. Provided value: svelte
2023-08-22 03:50:41.254 [error] [idleberg.icon-fonts]: Unknown language in `contributes.icon-fonts.language`. Provided value: svelte
2023-08-22 03:50:41.254 [error] [idleberg.icon-fonts]: Unknown language in `contributes.icon-fonts.language`. Provided value: svelte
2023-08-22 03:50:41.254 [error] [idleberg.icon-fonts]: Unknown language in `contributes.icon-fonts.language`. Provided value: svelte
2023-08-22 03:50:41.255 [error] [idleberg.icon-fonts]: Unknown language in `contributes.icon-fonts.language`. Provided value: svelte
2023-08-22 03:50:41.255 [error] [idleberg.icon-fonts]: Unknown language in `contributes.icon-fonts.language`. Provided value: svelte
2023-08-22 03:50:41.255 [error] [idleberg.icon-fonts]: Unknown language in `contributes.icon-fonts.language`. Provided value: svelte
2023-08-22 03:50:41.255 [error] [idleberg.icon-fonts]: Unknown language in `contributes.icon-fonts.language`. Provided value: svelte
2023-08-22 03:50:41.255 [error] [idleberg.icon-fonts]: Unknown language in `contributes.icon-fonts.language`. Provided value: svelte
2023-08-22 03:50:41.256 [error] [idleberg.icon-fonts]: Unknown language in `contributes.icon-fonts.language`. Provided value: svelte
2023-08-22 03:50:41.256 [error] [idleberg.icon-fonts]: Unknown language in `contributes.icon-fonts.language`. Provided value: svelte
2023-08-22 03:50:41.256 [error] [idleberg.icon-fonts]: Unknown language in `contributes.icon-fonts.language`. Provided value: svelte
2023-08-22 03:50:41.256 [error] [idleberg.icon-fonts]: Unknown language in `contributes.icon-fonts.language`. Provided value: svelte
2023-08-22 03:50:43.815 [info] [perf] Render performance baseline is 33ms
